#
# A fatal error has been detected by the Java Runtime Environment:
#
#  EXCEPTION_ACCESS_VIOLATION (0xc0000005) at pc=0x00007ff95bf0c3f9, pid=7072, tid=0x000000000000233c
#
# JRE version: Java(TM) SE Runtime Environment (8.0_144-b01) (build 1.8.0_144-b01)
# Java VM: Java HotSpot(TM) 64-Bit Server VM (25.144-b01 mixed mode windows-amd64 compressed oops)
# Problematic frame:
# C  [msvcr120.dll+0x3c3f9]
#
# Failed to write core dump. Minidumps are not enabled by default on client versions of Windows
#
# If you would like to submit a bug report, please visit:
#   http://bugreport.java.com/bugreport/crash.jsp
# The crash happened outside the Java Virtual Machine in native code.
# See problematic frame for where to report the bug.
#

---------------  T H R E A D  ---------------

Current thread (0x000000001fab6800):  JavaThread "JavaFX Application Thread" [_thread_in_native, id=9020, stack(0x0000000020390000,0x0000000020490000)]

siginfo: ExceptionCode=0xc0000005, reading address 0xffffffffffffffff

Registers:
RAX=0x000000007fff5040, RBX=0x000000007fff5040, RCX=0x00000000cd6180e0, RDX=0x0001ffff8000afa9
RSP=0x0000000020489c48, RBP=0x0002000000000001, RSI=0x0002000000000001, RDI=0x000000007fff5058
R8 =0x00000000cd6180e0, R9 =0x0000000000000000, R10=0x0002000000000001, R11=0x000000007fff5058
R12=0x000000002048c6d2, R13=0x000000002048c980, R14=0x00000000cd6180e0, R15=0x0000000000000000
RIP=0x00007ff95bf0c3f9, EFLAGS=0x0000000000010217

Top of Stack: (sp=0x0000000020489c48)
0x0000000020489c48:   0000000020489cf0 0000000066b0c070
0x0000000020489c58:   000000006ac42d34 0000000000000002
0x0000000020489c68:   00007ff9b758c7aa 0000000000e00000
0x0000000020489c78:   0000000000000000 0000000000000002
0x0000000020489c88:   000000006ac45ffe 0000000020489cf0
0x0000000020489c98:   0000000000000007 0000000066b12fe0
0x0000000020489ca8:   0000000000000000 0000000020489d20
0x0000000020489cb8:   000000006ac4bf5f 000000002048c980
0x0000000020489cc8:   000000002048c6d2 0000000000000018
0x0000000020489cd8:   0000000000100004 0000000020489d50
0x0000000020489ce8:   0000000069d123b3 0000000000000000
0x0000000020489cf8:   0000000000000018 000000002048c980
0x0000000020489d08:   0000000020480000 0000000066b12a40
0x0000000020489d18:   0000000069d70616 0000000000000000
0x0000000020489d28:   0000000000100004 0000000066b12f00
0x0000000020489d38:   0000000000100004 0000000020489dd0 

Instructions: (pc=0x00007ff95bf0c3f9)
0x00007ff95bf0c3d9:   03 c0 48 3b c8 0f 8c 96 03 00 00 0f ba 25 6c 53
0x00007ff95bf0c3e9:   0a 00 01 73 13 57 56 48 8b f9 49 8b f2 49 8b c8
0x00007ff95bf0c3f9:   f3 a4 5e 5f 49 8b c3 c3 0f ba 25 4f 53 0a 00 02
0x00007ff95bf0c409:   0f 82 56 02 00 00 f6 c1 07 74 36 f6 c1 01 74 0b 


Register to memory mapping:

RAX=0x000000007fff5040 is an unknown value
RBX=0x000000007fff5040 is an unknown value
RCX=0x00000000cd6180e0 is an unknown value
RDX=0x0001ffff8000afa9 is an unknown value
RSP=0x0000000020489c48 is pointing into the stack for thread: 0x000000001fab6800
RBP=0x0002000000000001 is an unknown value
RSI=0x0002000000000001 is an unknown value
RDI=0x000000007fff5058 is an unknown value
R8 =0x00000000cd6180e0 is an unknown value
R9 =0x0000000000000000 is an unknown value
R10=0x0002000000000001 is an unknown value
R11=0x000000007fff5058 is an unknown value
R12=0x000000002048c6d2 is pointing into the stack for thread: 0x000000001fab6800
R13=0x000000002048c980 is pointing into the stack for thread: 0x000000001fab6800
R14=0x00000000cd6180e0 is an unknown value
R15=0x0000000000000000 is an unknown value


Stack: [0x0000000020390000,0x0000000020490000],  sp=0x0000000020489c48,  free space=999k
Native frames: (J=compiled Java code, j=interpreted, Vv=VM code, C=native code)
C  [msvcr120.dll+0x3c3f9]
C  0x0000000020489cf0

Java frames: (J=compiled Java code, j=interpreted, Vv=VM code)
j  com.sun.webkit.network.URLLoader.twkDidFinishLoading(J)V+0
j  com.sun.webkit.network.URLLoader.notifyDidFinishLoading()V+44
j  com.sun.webkit.network.URLLoader.lambda$didFinishLoading$103()V+8
j  com.sun.webkit.network.URLLoader$$Lambda$164.run()V+4
j  com.sun.javafx.application.PlatformImpl.lambda$null$173(Ljava/lang/Runnable;)Ljava/lang/Void;+1
j  com.sun.javafx.application.PlatformImpl$$Lambda$50.run()Ljava/lang/Object;+4
v  ~StubRoutines::call_stub
J 886  java.security.AccessController.doPrivileged(Ljava/security/PrivilegedAction;Ljava/security/AccessControlContext;)Ljava/lang/Object; (0 bytes) @ 0x00000000032ebfa6 [0x00000000032ebf40+0x66]
j  com.sun.javafx.application.PlatformImpl.lambda$runLater$174(Ljava/lang/Runnable;Ljava/security/AccessControlContext;)V+7
j  com.sun.javafx.application.PlatformImpl$$Lambda$49.run()V+8
J 1838 C1 com.sun.glass.ui.InvokeLaterDispatcher$Future.run()V (91 bytes) @ 0x0000000003575e54 [0x0000000003575d40+0x114]
v  ~StubRoutines::call_stub
j  com.sun.glass.ui.win.WinApplication._runLoop(Ljava/lang/Runnable;)V+0
j  com.sun.glass.ui.win.WinApplication.lambda$null$148(ILjava/lang/Runnable;)V+8
j  com.sun.glass.ui.win.WinApplication$$Lambda$38.run()V+12
j  java.lang.Thread.run()V+11
v  ~StubRoutines::call_stub

---------------  P R O C E S S  ---------------

Java Threads: ( => current thread )
  0x000000001ff01800 JavaThread "URL-Loader-20" daemon [_thread_in_native, id=3744, stack(0x00000000697e0000,0x00000000698e0000)]
  0x000000001fefa000 JavaThread "URL-Loader-19" daemon [_thread_in_native, id=19852, stack(0x00000000696e0000,0x00000000697e0000)]
  0x000000001ff01000 JavaThread "URL-Loader-18" daemon [_thread_in_native, id=6408, stack(0x00000000695e0000,0x00000000696e0000)]
  0x000000001fefc800 JavaThread "URL-Loader-17" daemon [_thread_in_native, id=22980, stack(0x00000000694e0000,0x00000000695e0000)]
  0x000000001fef9800 JavaThread "Keep-Alive-Timer" daemon [_thread_blocked, id=10588, stack(0x0000000068210000,0x0000000068310000)]
  0x000000001fef8800 JavaThread "URL-Loader-16" daemon [_thread_blocked, id=20848, stack(0x0000000068110000,0x0000000068210000)]
  0x000000001fef8000 JavaThread "URL-Loader-15" daemon [_thread_blocked, id=24780, stack(0x0000000068010000,0x0000000068110000)]
  0x000000001fefd000 JavaThread "URL-Loader-14" daemon [_thread_in_native, id=7664, stack(0x0000000067f10000,0x0000000068010000)]
  0x000000001fed8000 JavaThread "URL-Loader-13" daemon [_thread_blocked, id=13320, stack(0x0000000067e10000,0x0000000067f10000)]
  0x000000001fed6800 JavaThread "URL-Loader-12" daemon [_thread_blocked, id=21520, stack(0x0000000067d10000,0x0000000067e10000)]
  0x000000001fed6000 JavaThread "URL-Loader-11" daemon [_thread_blocked, id=4060, stack(0x0000000067c10000,0x0000000067d10000)]
  0x000000001fedb000 JavaThread "URL-Loader-10" daemon [_thread_blocked, id=16764, stack(0x0000000067b10000,0x0000000067c10000)]
  0x000000001fed9000 JavaThread "URL-Loader-9" daemon [_thread_blocked, id=17248, stack(0x0000000067a10000,0x0000000067b10000)]
  0x000000001fed7800 JavaThread "URL-Loader-8" daemon [_thread_blocked, id=12824, stack(0x0000000067910000,0x0000000067a10000)]
  0x000000001fed5000 JavaThread "URL-Loader-7" daemon [_thread_blocked, id=5804, stack(0x0000000067810000,0x0000000067910000)]
  0x000000001fed9800 JavaThread "URL-Loader-6" daemon [_thread_blocked, id=13408, stack(0x0000000067710000,0x0000000067810000)]
  0x000000001fedc000 JavaThread "URL-Loader-5" daemon [_thread_blocked, id=12128, stack(0x0000000067610000,0x0000000067710000)]
  0x000000001feda800 JavaThread "URL-Loader-4" daemon [_thread_blocked, id=12028, stack(0x0000000067510000,0x0000000067610000)]
  0x000000001febc000 JavaThread "URL-Loader-3" daemon [_thread_blocked, id=22680, stack(0x0000000067410000,0x0000000067510000)]
  0x000000001febb800 JavaThread "URL-Loader-2" daemon [_thread_in_native, id=12116, stack(0x0000000067310000,0x0000000067410000)]
  0x000000001fc76800 JavaThread "URL-Loader-1" daemon [_thread_blocked, id=3640, stack(0x0000000065490000,0x0000000065590000)]
  0x000000001fbd0000 JavaThread "Disposer" daemon [_thread_blocked, id=18416, stack(0x0000000065190000,0x0000000065290000)]
  0x000000001fb35000 JavaThread "Thread-3" daemon [_thread_in_native, id=4156, stack(0x0000000024e70000,0x0000000024f70000)]
  0x000000001fb42800 JavaThread "JavaFX-Launcher" [_thread_blocked, id=3980, stack(0x0000000025070000,0x0000000025170000)]
=>0x000000001fab6800 JavaThread "JavaFX Application Thread" [_thread_in_native, id=9020, stack(0x0000000020390000,0x0000000020490000)]
  0x000000001fab4000 JavaThread "Thread-1" daemon [_thread_blocked, id=5652, stack(0x0000000020290000,0x0000000020390000)]
  0x000000001fa8d000 JavaThread "QuantumRenderer-0" daemon [_thread_blocked, id=12160, stack(0x000000001ff80000,0x0000000020080000)]
  0x000000001e876800 JavaThread "Service Thread" daemon [_thread_blocked, id=24112, stack(0x000000001f400000,0x000000001f500000)]
  0x000000001e815800 JavaThread "C1 CompilerThread3" daemon [_thread_blocked, id=1176, stack(0x000000001f300000,0x000000001f400000)]
  0x000000001e807000 JavaThread "C2 CompilerThread2" daemon [_thread_blocked, id=21300, stack(0x000000001f200000,0x000000001f300000)]
  0x000000001e801800 JavaThread "C2 CompilerThread1" daemon [_thread_blocked, id=24396, stack(0x000000001f100000,0x000000001f200000)]
  0x000000001e7f9800 JavaThread "C2 CompilerThread0" daemon [_thread_blocked, id=4176, stack(0x000000001f000000,0x000000001f100000)]
  0x000000001e7f8000 JavaThread "Attach Listener" daemon [_thread_blocked, id=4764, stack(0x000000001ef00000,0x000000001f000000)]
  0x000000001e7f7000 JavaThread "Signal Dispatcher" daemon [_thread_blocked, id=20772, stack(0x000000001ee00000,0x000000001ef00000)]
  0x000000001e7f0800 JavaThread "Finalizer" daemon [_thread_blocked, id=23620, stack(0x000000001ebd0000,0x000000001ecd0000)]
  0x0000000002f79000 JavaThread "Reference Handler" daemon [_thread_blocked, id=3436, stack(0x000000001e6d0000,0x000000001e7d0000)]
  0x0000000002e83000 JavaThread "main" [_thread_blocked, id=2944, stack(0x0000000002d80000,0x0000000002e80000)]

Other Threads:
  0x000000001c8f8000 VMThread [stack: 0x000000001e5d0000,0x000000001e6d0000] [id=15884]
  0x000000001e879800 WatcherThread [stack: 0x000000001f680000,0x000000001f780000] [id=6244]

VM state:not at safepoint (normal execution)

VM Mutex/Monitor currently owned by a thread: None

Heap:
 PSYoungGen      total 75776K, used 30083K [0x000000076b980000, 0x0000000770e00000, 0x00000007c0000000)
  eden space 65024K, 34% used [0x000000076b980000,0x000000076cf60ec8,0x000000076f900000)
  from space 10752K, 71% used [0x000000076f900000,0x000000077007ff28,0x0000000770380000)
  to   space 10752K, 0% used [0x0000000770380000,0x0000000770380000,0x0000000770e00000)
 ParOldGen       total 173568K, used 24K [0x00000006c2c00000, 0x00000006cd580000, 0x000000076b980000)
  object space 173568K, 0% used [0x00000006c2c00000,0x00000006c2c06000,0x00000006cd580000)
 Metaspace       used 17945K, capacity 18636K, committed 18688K, reserved 1064960K
  class space    used 2351K, capacity 2531K, committed 2560K, reserved 1048576K

Card table byte_map: [0x0000000012340000,0x0000000012b30000] byte_map_base: 0x000000000ed2a000

Marking Bits: (ParMarkBitMap*) 0x000000006d05d850
 Begin Bits: [0x0000000013880000, 0x00000000177d0000)
 End Bits:   [0x00000000177d0000, 0x000000001b720000)

Polling page: 0x00000000013c0000

CodeCache: size=245760Kb used=6512Kb max_used=6520Kb free=239247Kb
 bounds [0x0000000002f80000, 0x00000000035f0000, 0x0000000011f80000]
 total_blobs=2735 nmethods=2031 adapters=616
 compilation: enabled

Compilation events (10 events):
Event: 3.740 Thread 0x000000001e815800 nmethod 2020 0x00000000035d5310 code [0x00000000035d5480, 0x00000000035d5690]
Event: 3.781 Thread 0x000000001e815800 2021       3       com.sun.crypto.provider.GaloisCounterMode::getBufferedLength (17 bytes)
Event: 3.782 Thread 0x000000001e815800 nmethod 2021 0x00000000035d4d10 code [0x00000000035d4e80, 0x00000000035d5250]
Event: 3.782 Thread 0x000000001e815800 2023       3       com.sun.glass.ui.Application::invokeLater (13 bytes)
Event: 3.782 Thread 0x000000001e815800 nmethod 2023 0x00000000035dec50 code [0x00000000035dedc0, 0x00000000035df068]
Event: 3.782 Thread 0x000000001e815800 2024       3       com.sun.glass.ui.win.WinApplication::_invokeLater (24 bytes)
Event: 3.783 Thread 0x000000001e815800 nmethod 2024 0x00000000035de4d0 code [0x00000000035de660, 0x00000000035dead8]
Event: 3.783 Thread 0x000000001e815800 2025       3       com.sun.glass.ui.InvokeLaterDispatcher::invokeLater (11 bytes)
Event: 3.783 Thread 0x000000001e815800 nmethod 2025 0x00000000035de050 code [0x00000000035de1c0, 0x00000000035de3e8]
Event: 3.783 Thread 0x000000001e815800 2026       3       java.util.concurrent.LinkedBlockingDeque::addLast (19 bytes)

GC Heap History (2 events):
Event: 3.074 GC heap before
{Heap before GC invocations=1 (full 0):
 PSYoungGen      total 75776K, used 65024K [0x000000076b980000, 0x0000000770e00000, 0x00000007c0000000)
  eden space 65024K, 100% used [0x000000076b980000,0x000000076f900000,0x000000076f900000)
  from space 10752K, 0% used [0x0000000770380000,0x0000000770380000,0x0000000770e00000)
  to   space 10752K, 0% used [0x000000076f900000,0x000000076f900000,0x0000000770380000)
 ParOldGen       total 173568K, used 0K [0x00000006c2c00000, 0x00000006cd580000, 0x000000076b980000)
  object space 173568K, 0% used [0x00000006c2c00000,0x00000006c2c00000,0x00000006cd580000)
 Metaspace       used 17415K, capacity 18040K, committed 18176K, reserved 1064960K
  class space    used 2303K, capacity 2453K, committed 2560K, reserved 1048576K
Event: 3.082 GC heap after
Heap after GC invocations=1 (full 0):
 PSYoungGen      total 75776K, used 7679K [0x000000076b980000, 0x0000000770e00000, 0x00000007c0000000)
  eden space 65024K, 0% used [0x000000076b980000,0x000000076b980000,0x000000076f900000)
  from space 10752K, 71% used [0x000000076f900000,0x000000077007ff28,0x0000000770380000)
  to   space 10752K, 0% used [0x0000000770380000,0x0000000770380000,0x0000000770e00000)
 ParOldGen       total 173568K, used 24K [0x00000006c2c00000, 0x00000006cd580000, 0x000000076b980000)
  object space 173568K, 0% used [0x00000006c2c00000,0x00000006c2c06000,0x00000006cd580000)
 Metaspace       used 17415K, capacity 18040K, committed 18176K, reserved 1064960K
  class space    used 2303K, capacity 2453K, committed 2560K, reserved 1048576K
}

Deoptimization events (10 events):
Event: 3.159 Thread 0x000000001fefd000 Uncommon trap: reason=unstable_if action=reinterpret pc=0x0000000003564fe0 method=java.util.Arrays.equals([B[B)Z @ 12
Event: 3.159 Thread 0x000000001fed7800 Uncommon trap: reason=unstable_if action=reinterpret pc=0x0000000003564fe0 method=java.util.Arrays.equals([B[B)Z @ 12
Event: 3.159 Thread 0x000000001febb800 Uncommon trap: reason=unstable_if action=reinterpret pc=0x0000000003564fe0 method=java.util.Arrays.equals([B[B)Z @ 12
Event: 3.159 Thread 0x000000001fed8000 Uncommon trap: reason=unstable_if action=reinterpret pc=0x0000000003564fe0 method=java.util.Arrays.equals([B[B)Z @ 12
Event: 3.159 Thread 0x000000001fedb000 Uncommon trap: reason=unstable_if action=reinterpret pc=0x0000000003564fe0 method=java.util.Arrays.equals([B[B)Z @ 12
Event: 3.159 Thread 0x000000001fed9800 Uncommon trap: reason=unstable_if action=reinterpret pc=0x0000000003564fe0 method=java.util.Arrays.equals([B[B)Z @ 12
Event: 3.199 Thread 0x000000001fef8000 Uncommon trap: reason=class_check action=maybe_recompile pc=0x000000000356fc80 method=java.io.InputStream.read([B)I @ 5
Event: 3.199 Thread 0x000000001fedb000 Uncommon trap: reason=class_check action=maybe_recompile pc=0x000000000356fc80 method=java.io.InputStream.read([B)I @ 5
Event: 3.219 Thread 0x000000001fed9800 Uncommon trap: reason=class_check action=maybe_recompile pc=0x000000000356fc80 method=java.io.InputStream.read([B)I @ 5
Event: 3.219 Thread 0x000000001fed7800 Uncommon trap: reason=class_check action=maybe_recompile pc=0x000000000356fc80 method=java.io.InputStream.read([B)I @ 5

Internal exceptions (10 events):
Event: 0.940 Thread 0x000000001fab6800 Exception <a 'sun/nio/fs/WindowsException'> (0x000000076d1a0cb8) thrown at [C:\re\workspace\8-2-build-windows-amd64-cygwin\jdk8u144\9417\hotspot\src\share\vm\prims\jni.cpp, line 709]
Event: 0.949 Thread 0x000000001fab6800 Implicit null exception at 0x000000000319ce96 to 0x000000000319d239
Event: 3.159 Thread 0x000000001fed9000 Implicit null exception at 0x0000000003564e98 to 0x0000000003564fcd
Event: 3.159 Thread 0x000000001fefd000 Implicit null exception at 0x0000000003564e98 to 0x0000000003564fcd
Event: 3.159 Thread 0x000000001fef8000 Implicit null exception at 0x0000000003564e98 to 0x0000000003564fcd
Event: 3.159 Thread 0x000000001fed7800 Implicit null exception at 0x0000000003564e98 to 0x0000000003564fcd
Event: 3.159 Thread 0x000000001febb800 Implicit null exception at 0x0000000003564e98 to 0x0000000003564fcd
Event: 3.159 Thread 0x000000001fed8000 Implicit null exception at 0x0000000003564e98 to 0x0000000003564fcd
Event: 3.159 Thread 0x000000001fedb000 Implicit null exception at 0x0000000003564e98 to 0x0000000003564fcd
Event: 3.159 Thread 0x000000001fed9800 Implicit null exception at 0x0000000003564e98 to 0x0000000003564fcd

Events (10 events):
Event: 3.419 Thread 0x000000001fefc800 Thread added: 0x000000001fefc800
Event: 3.434 Thread 0x000000001ff01000 Thread added: 0x000000001ff01000
Event: 3.506 Thread 0x000000001fed9000 DEOPT PACKING pc=0x00000000035a3eec sp=0x0000000067b0d8f0
Event: 3.506 Thread 0x000000001fed9000 DEOPT UNPACKING pc=0x0000000002fc787f sp=0x0000000067b0d658 mode 0
Event: 3.578 Thread 0x000000001fefa000 Thread added: 0x000000001fefa000
Event: 3.653 Thread 0x000000001ff01800 Thread added: 0x000000001ff01800
Event: 3.667 Thread 0x000000001feff800 Thread added: 0x000000001feff800
Event: 3.668 Thread 0x000000001feff800 Thread exited: 0x000000001feff800
Event: 3.781 Thread 0x000000001fefb800 Thread added: 0x000000001fefb800
Event: 3.782 Thread 0x000000001fefb800 Thread exited: 0x000000001fefb800


Dynamic libraries:
0x00007ff72c750000 - 0x00007ff72c787000 	C:\Program Files\Java\jdk1.8.0_144\bin\java.exe
0x00007ff9b7550000 - 0x00007ff9b7764000 	C:\Windows\SYSTEM32\ntdll.dll
0x00007ff9b6a30000 - 0x00007ff9b6af2000 	C:\Windows\System32\KERNEL32.DLL
0x00007ff9b4a50000 - 0x00007ff9b4dec000 	C:\Windows\System32\KERNELBASE.dll
0x00007ff9b5820000 - 0x00007ff9b58ce000 	C:\Windows\System32\ADVAPI32.dll
0x00007ff9b68f0000 - 0x00007ff9b6997000 	C:\Windows\System32\msvcrt.dll
0x00007ff9b5980000 - 0x00007ff9b5a24000 	C:\Windows\System32\sechost.dll
0x00007ff9b5560000 - 0x00007ff9b5677000 	C:\Windows\System32\RPCRT4.dll
0x00007ff9b5ed0000 - 0x00007ff9b607b000 	C:\Windows\System32\USER32.dll
0x00007ff9b4df0000 - 0x00007ff9b4e16000 	C:\Windows\System32\win32u.dll
0x00007ff9b6080000 - 0x00007ff9b60a9000 	C:\Windows\System32\GDI32.dll
0x00007ff9b4e20000 - 0x00007ff9b4f33000 	C:\Windows\System32\gdi32full.dll
0x00007ff9b4f40000 - 0x00007ff9b4fda000 	C:\Windows\System32\msvcp_win.dll
0x00007ff9b5150000 - 0x00007ff9b5261000 	C:\Windows\System32\ucrtbase.dll
0x00007ff995ba0000 - 0x00007ff995e2e000 	C:\Windows\WinSxS\amd64_microsoft.windows.common-controls_6595b64144ccf1df_6.0.22621.608_none_a9444ca7c10bb01d\COMCTL32.dll
0x00007ff9b5e90000 - 0x00007ff9b5ec1000 	C:\Windows\System32\IMM32.DLL
0x000000006c760000 - 0x000000006c832000 	C:\Program Files\Java\jdk1.8.0_144\jre\bin\msvcr100.dll
0x000000006c840000 - 0x000000006d0dd000 	C:\Program Files\Java\jdk1.8.0_144\jre\bin\server\jvm.dll
0x00007ff9b68b0000 - 0x00007ff9b68b8000 	C:\Windows\System32\PSAPI.DLL
0x00007ff99c710000 - 0x00007ff99c719000 	C:\Windows\SYSTEM32\WSOCK32.dll
0x00007ff9b57a0000 - 0x00007ff9b5811000 	C:\Windows\System32\WS2_32.dll
0x00007ff9a1380000 - 0x00007ff9a13b4000 	C:\Windows\SYSTEM32\WINMM.dll
0x00007ff9a7b80000 - 0x00007ff9a7b8a000 	C:\Windows\SYSTEM32\VERSION.dll
0x000000006c710000 - 0x000000006c71f000 	C:\Program Files\Java\jdk1.8.0_144\jre\bin\verify.dll
0x000000006c6e0000 - 0x000000006c709000 	C:\Program Files\Java\jdk1.8.0_144\jre\bin\java.dll
0x000000006c6c0000 - 0x000000006c6d6000 	C:\Program Files\Java\jdk1.8.0_144\jre\bin\zip.dll
0x00007ff9b6bf0000 - 0x00007ff9b73e0000 	C:\Windows\System32\SHELL32.dll
0x00007ff9b2950000 - 0x00007ff9b321d000 	C:\Windows\SYSTEM32\windows.storage.dll
0x00007ff9b5a30000 - 0x00007ff9b5db9000 	C:\Windows\System32\combase.dll
0x00007ff9b2810000 - 0x00007ff9b294e000 	C:\Windows\SYSTEM32\wintypes.dll
0x00007ff9b60b0000 - 0x00007ff9b61a1000 	C:\Windows\System32\SHCORE.dll
0x00007ff9b5360000 - 0x00007ff9b53be000 	C:\Windows\System32\shlwapi.dll
0x00007ff9b48c0000 - 0x00007ff9b48e1000 	C:\Windows\SYSTEM32\profapi.dll
0x00007ff95bed0000 - 0x00007ff95bfbf000 	C:\Program Files\Java\jdk1.8.0_144\jre\bin\msvcr120.dll
0x00007ff95be20000 - 0x00007ff95bec6000 	C:\Program Files\Java\jdk1.8.0_144\jre\bin\msvcp120.dll
0x000000006c360000 - 0x000000006c382000 	C:\Program Files\Java\jdk1.8.0_144\jre\bin\prism_d3d.dll
0x00007ff9a4550000 - 0x00007ff9a46f9000 	C:\Windows\system32\d3d9.dll
0x00007ff9b22a0000 - 0x00007ff9b22cb000 	C:\Windows\SYSTEM32\dwmapi.dll
0x00007ff9b2060000 - 0x00007ff9b2096000 	C:\Windows\SYSTEM32\dxcore.dll
0x00007ff9b1f80000 - 0x00007ff9b202b000 	C:\Windows\system32\uxtheme.dll
0x00007ff9751c0000 - 0x00007ff97531d000 	C:\Windows\System32\DriverStore\FileRepository\iigd_dch.inf_amd64_0651c2cb9dd31504\igdumdim64.dll
0x00007ff96aaa0000 - 0x00007ff96e3a9000 	C:\Windows\System32\DriverStore\FileRepository\iigd_dch.inf_amd64_0651c2cb9dd31504\igd9dxva64.dll
0x00007ff9b53c0000 - 0x00007ff9b555c000 	C:\Windows\System32\ole32.dll
0x00007ff9b6b00000 - 0x00007ff9b6bd7000 	C:\Windows\System32\OLEAUT32.dll
0x00007ff9b63d0000 - 0x00007ff9b6844000 	C:\Windows\System32\SETUPAPI.dll
0x00007ff9b46a0000 - 0x00007ff9b46ee000 	C:\Windows\SYSTEM32\cfgmgr32.dll
0x00007ff9aa1d0000 - 0x00007ff9aa374000 	C:\Windows\System32\DriverStore\FileRepository\iigd_dch.inf_amd64_0651c2cb9dd31504\igdgmm64.dll
0x00007ff9afcb0000 - 0x00007ff9afcf8000 	C:\Windows\SYSTEM32\directxdatabasehelper.dll
0x00007ff9b39a0000 - 0x00007ff9b39b8000 	C:\Windows\SYSTEM32\kernel.appcore.dll
0x000000006c310000 - 0x000000006c353000 	C:\Program Files\Java\jdk1.8.0_144\jre\bin\glass.dll
0x00007ff9b73e0000 - 0x00007ff9b74d7000 	C:\Windows\System32\COMDLG32.dll
0x00007ff9b5680000 - 0x00007ff9b579e000 	C:\Windows\System32\MSCTF.dll
0x00007ff9b5270000 - 0x00007ff9b52eb000 	C:\Windows\System32\bcryptPrimitives.dll
0x00007ff97b120000 - 0x00007ff97b146000 	C:\Windows\System32\DriverStore\FileRepository\iigd_dch.inf_amd64_0651c2cb9dd31504\igdinfo64.dll
0x00007ff9a7bc0000 - 0x00007ff9aa1c4000 	C:\Windows\System32\DriverStore\FileRepository\iigd_dch.inf_amd64_0651c2cb9dd31504\igc64.dll
0x0000000069b50000 - 0x000000006c304000 	C:\Program Files\Java\jdk1.8.0_144\jre\bin\jfxwebkit.dll
0x00007ff9b4280000 - 0x00007ff9b429b000 	C:\Windows\SYSTEM32\CRYPTSP.dll
0x00007ff9b3910000 - 0x00007ff9b3945000 	C:\Windows\system32\rsaenh.dll
0x00007ff9b41f0000 - 0x00007ff9b41fc000 	C:\Windows\SYSTEM32\CRYPTBASE.dll
0x0000000069b30000 - 0x0000000069b44000 	C:\Program Files\Java\jdk1.8.0_144\jre\bin\javafx_font.dll
0x000000006c6a0000 - 0x000000006c6ba000 	C:\Program Files\Java\jdk1.8.0_144\jre\bin\net.dll
0x00007ff9b3e00000 - 0x00007ff9b3e69000 	C:\Windows\system32\mswsock.dll
0x000000006c680000 - 0x000000006c691000 	C:\Program Files\Java\jdk1.8.0_144\jre\bin\nio.dll
0x00007ff9b09b0000 - 0x00007ff9b0c17000 	C:\Windows\SYSTEM32\dwrite.dll
0x00007ff9b58d0000 - 0x00007ff9b5980000 	C:\Windows\System32\clbcatq.dll
0x00007ff9b0410000 - 0x00007ff9b05c0000 	C:\Windows\SYSTEM32\WindowsCodecs.dll
0x00007ff99a6c0000 - 0x00007ff99a71e000 	C:\Windows\system32\dataexchange.dll
0x00007ff9ad2f0000 - 0x00007ff9ad55a000 	C:\Windows\system32\twinapi.appcore.dll
0x00007ff95bde0000 - 0x00007ff95be12000 	C:\Program Files\Common Files\Microsoft Shared\Ink\rtscom.dll
0x00007ff99c230000 - 0x00007ff99c35e000 	C:\Windows\SYSTEM32\textinputframework.dll
0x00007ff9b1ad0000 - 0x00007ff9b1c03000 	C:\Windows\SYSTEM32\CoreMessaging.dll
0x00007ff9af090000 - 0x00007ff9af3fc000 	C:\Windows\SYSTEM32\CoreUIComponents.dll
0x000000006c3d0000 - 0x000000006c3f4000 	C:\Program Files\Java\jdk1.8.0_144\jre\bin\sunec.dll
0x00007ff9b34b0000 - 0x00007ff9b34dd000 	C:\Windows\SYSTEM32\IPHLPAPI.DLL
0x00007ff9b68c0000 - 0x00007ff9b68c9000 	C:\Windows\System32\NSI.dll
0x00007ff9ace90000 - 0x00007ff9acea9000 	C:\Windows\SYSTEM32\dhcpcsvc6.DLL
0x00007ff9acbc0000 - 0x00007ff9acbdf000 	C:\Windows\SYSTEM32\dhcpcsvc.DLL
0x00007ff9b34e0000 - 0x00007ff9b35d3000 	C:\Windows\SYSTEM32\DNSAPI.dll
0x00007ff9b3ea0000 - 0x00007ff9b3ec8000 	C:\Windows\SYSTEM32\USERENV.dll
0x00007ff9b43b0000 - 0x00007ff9b43d8000 	C:\Windows\SYSTEM32\bcrypt.dll
0x000000006c3c0000 - 0x000000006c3cb000 	C:\Program Files\Java\jdk1.8.0_144\jre\bin\sunmscapi.dll
0x00007ff9b4fe0000 - 0x00007ff9b5146000 	C:\Windows\System32\CRYPT32.dll
0x00007ff9a3c60000 - 0x00007ff9a3c6a000 	C:\Windows\System32\rasadhlp.dll
0x00007ff9abf70000 - 0x00007ff9abff3000 	C:\Windows\System32\fwpuclnt.dll
0x00007ff9a06a0000 - 0x00007ff9a08ce000 	C:\Windows\SYSTEM32\dbghelp.dll

VM Arguments:
jvm_args: -Dfile.encoding=UTF-8 
java_command: hygie.gui.NewFXMain
java_class_path (initial): C:\Program Files\NetBeans 8.2\ide\modules\ext\mysql-connector-java-5.1.23-bin.jar;C:\Program Files\NetBeans 8.2\ide\modules\ext\postgresql-9.4.1209.jar;C:\Users\Khaled\Documents\Hygie\itextpdf-5.5.9.jar;C:\Users\Khaled\Documents\poi-bin-5.2.3\poi-5.2.3.jar;C:\Users\Khaled\Documents\poi-bin-5.2.3\poi-examples-5.2.3.jar;C:\Users\Khaled\Documents\poi-bin-5.2.3\poi-excelant-5.2.3.jar;C:\Users\Khaled\Documents\poi-bin-5.2.3\poi-javadoc-5.2.3.jar;C:\Users\Khaled\Documents\poi-bin-5.2.3\poi-ooxml-5.2.3.jar;C:\Users\Khaled\Documents\poi-bin-5.2.3\poi-ooxml-full-5.2.3.jar;C:\Users\Khaled\Documents\poi-bin-5.2.3\poi-ooxml-lite-5.2.3.jar;C:\Users\Khaled\Documents\poi-bin-5.2.3\poi-scratchpad-5.2.3.jar;C:\Users\Khaled\Documents\poi-bin-5.2.3\lib\SparseBitSet-1.2.jar;C:\Users\Khaled\Documents\poi-bin-5.2.3\lib\commons-codec-1.15.jar;C:\Users\Khaled\Documents\poi-bin-5.2.3\lib\commons-collections4-4.4.jar;C:\Users\Khaled\Documents\poi-bin-5.2.3\lib\commons-io-2.11.0.jar;C:\Users\Khaled\Documents\poi-bin-5.2.3\lib\commons-math3-3.6.1.jar;C:\Users\Khaled\Documents\poi-bin-5.2.3\lib\log4j-api-2.18.0.jar;C:\Users\Khaled\Documents\poi-bin-5.2.3\ooxml-lib\commons-compress-1.21.jar;C:\Users\Khaled\Documents\poi-bin-5.2.3\ooxml-lib\commons-logging-1.2.jar;C:\Users\Khaled\Documents\poi-bin-5.2.3\ooxml-lib\curvesapi-1.07.jar;C:\Users\Khaled\Documents\poi-bin-5.2.3\ooxml-lib\jakarta.activation-2.0.1.jar;C:\Users\Khaled\Documents\poi-bin-5.2.3\ooxml-lib\jakarta.xml.bind-api-3.0.1.jar;C:\Users\Khaled\Documents\poi-bin-5.2.3\ooxml-lib\slf4j-api-1.7.36.jar;C:\Users\Khaled\Documents\poi-bin-5.2.3\ooxml-lib\xmlbeans-5.1.1.jar;C:\Users\Khaled\Documents\poi-bin-5.2.3\auxiliary\batik-anim-1.14.jar;C:\Users\Khaled\Documents\poi-bin-5.2.3\auxiliary\batik-awt-util-1.14.jar;C:\Users\Khaled\Documents\poi-bin-5.2.3\auxiliary\batik-bridge-1.14.jar;C:\Users\Khaled\Documents\poi-bin-5.2.3\auxiliary\batik-codec-1.14.jar;C:\Users\Khaled\Documents\poi-bin-5.2.3\auxiliary\batik-const
Launcher Type: SUN_STANDARD

Environment Variables:
PATH=C:\oraclexe\app\oracle\product\11.2.0\server\bin;C:\ProgramData\Oracle\Java\javapath;C:\oraclexe\app\oracle\product\11.2.0\server\bin;C:\Windows\system32;C:\Windows;C:\Windows\System32\Wbem;C:\Windows\System32\WindowsPowerShell\v1.0\;C:\Windows\System32\OpenSSH\;C:\Program Files\Git\cmd;C:\Program Files\NVIDIA Corporation\NVIDIA NvDLISR;C:\Program Files (x86)\NVIDIA Corporation\PhysX\Common;C:\xampp\php;C:\ProgramData\ComposerSetup\bin;C:\Users\Khaled\scoop\shims;C:\Users\Khaled\AppData\Local\Microsoft\WindowsApps;C:\Program Files\JetBrains\IntelliJ IDEA 2022.3.1\bin;C:\Users\Khaled\AppData\Local\JetBrains\PhpStorm 2022.3.1\bin;C:\Users\Khaled\AppData\Roaming\Composer\vendor\bin;C:\Users\Khaled\AppData\Local\Programs\Microsoft VS Code\bin;C:\Program Files\wkhtmltopdf\bin
USERNAME=Khaled
OS=Windows_NT
PROCESSOR_IDENTIFIER=Intel64 Family 6 Model 165 Stepping 2, GenuineIntel



---------------  S Y S T E M  ---------------

OS: Windows 10.0 , 64 bit Build 22621 (10.0.22621.1485)

CPU:total 8 (initial active 8) (4 cores per cpu, 2 threads per core) family 6 model 165 stepping 2, cmov, cx8, fxsr, mmx, sse, sse2, sse3, ssse3, sse4.1, sse4.2, popcnt, avx, avx2, aes, clmul, erms, 3dnowpref, lzcnt, ht, tsc, tscinvbit, bmi1, bmi2, adx

Memory: 4k page, physical 16591040k(2298456k free), swap 24523300k(1133572k free)

vm_info: Java HotSpot(TM) 64-Bit Server VM (25.144-b01) for windows-amd64 JRE (1.8.0_144-b01), built on Jul 21 2017 21:57:33 by "java_re" with MS VC++ 10.0 (VS2010)

time: Sat Apr 29 00:13:44 2023
elapsed time: 3 seconds (0d 0h 0m 3s)

