#
# A fatal error has been detected by the Java Runtime Environment:
#
#  EXCEPTION_ACCESS_VIOLATION (0xc0000005) at pc=0x00007ff93731c3f9, pid=10588, tid=0x0000000000000384
#
# JRE version: Java(TM) SE Runtime Environment (8.0_144-b01) (build 1.8.0_144-b01)
# Java VM: Java HotSpot(TM) 64-Bit Server VM (25.144-b01 mixed mode windows-amd64 compressed oops)
# Problematic frame:
# C  [msvcr120.dll+0x3c3f9]
#
# Failed to write core dump. Minidumps are not enabled by default on client versions of Windows
#
# If you would like to submit a bug report, please visit:
#   http://bugreport.java.com/bugreport/crash.jsp
# The crash happened outside the Java Virtual Machine in native code.
# See problematic frame for where to report the bug.
#

---------------  T H R E A D  ---------------

Current thread (0x000000001f1ab800):  JavaThread "JavaFX Application Thread" [_thread_in_native, id=900, stack(0x000000001fa10000,0x000000001fb10000)]

siginfo: ExceptionCode=0xc0000005, reading address 0xffffffffffffffff

Registers:
RAX=0x0000000068564070, RBX=0x0000000068564070, RCX=0x0000000000000032, RDX=0x0003dfff97a9bf79
RSP=0x000000001fb09778, RBP=0x0003e00000000001, RSI=0x0003e00000000001, RDI=0x0000000068564088
R8 =0x0000000000000032, R9 =0x0000000000000029, R10=0x0003e00000000001, R11=0x0000000068564088
R12=0x000000001fb0c200, R13=0x000000001fb0c4b0, R14=0x0000000000000032, R15=0x0000000000000000
RIP=0x00007ff93731c3f9, EFLAGS=0x0000000000010213

Top of Stack: (sp=0x000000001fb09778)
0x000000001fb09778:   000000001fb09820 0000000000000019
0x000000001fb09788:   000000006ac42d34 0000000000000002
0x000000001fb09798:   00007ff9b758c7aa 0000000000430000
0x000000001fb097a8:   0000000000000000 0000000000000002
0x000000001fb097b8:   000000006ac45ffe 000000001fb09820
0x000000001fb097c8:   0000000000000007 00000000685688f0
0x000000001fb097d8:   0000000000000000 000000001fb09850
0x000000001fb097e8:   000000006ac4bf5f 000000001fb0c4b0
0x000000001fb097f8:   000000001fb0c200 0000000000000018
0x000000001fb09808:   0000000000100004 000000001fb09880
0x000000001fb09818:   0000000069d123b3 0000000000000000
0x000000001fb09828:   0000000000000018 000000001fb0c4b0
0x000000001fb09838:   000000001fb00000 0000000068568330
0x000000001fb09848:   0000000069d70616 0000000000000000
0x000000001fb09858:   0000000000100004 0000000068568330
0x000000001fb09868:   0000000000100004 000000001fb09900 

Instructions: (pc=0x00007ff93731c3f9)
0x00007ff93731c3d9:   03 c0 48 3b c8 0f 8c 96 03 00 00 0f ba 25 6c 53
0x00007ff93731c3e9:   0a 00 01 73 13 57 56 48 8b f9 49 8b f2 49 8b c8
0x00007ff93731c3f9:   f3 a4 5e 5f 49 8b c3 c3 0f ba 25 4f 53 0a 00 02
0x00007ff93731c409:   0f 82 56 02 00 00 f6 c1 07 74 36 f6 c1 01 74 0b 


Register to memory mapping:

RAX=0x0000000068564070 is an unknown value
RBX=0x0000000068564070 is an unknown value
RCX=0x0000000000000032 is an unknown value
RDX=0x0003dfff97a9bf79 is an unknown value
RSP=0x000000001fb09778 is pointing into the stack for thread: 0x000000001f1ab800
RBP=0x0003e00000000001 is an unknown value
RSI=0x0003e00000000001 is an unknown value
RDI=0x0000000068564088 is an unknown value
R8 =0x0000000000000032 is an unknown value
R9 =0x0000000000000029 is an unknown value
R10=0x0003e00000000001 is an unknown value
R11=0x0000000068564088 is an unknown value
R12=0x000000001fb0c200 is pointing into the stack for thread: 0x000000001f1ab800
R13=0x000000001fb0c4b0 is pointing into the stack for thread: 0x000000001f1ab800
R14=0x0000000000000032 is an unknown value
R15=0x0000000000000000 is an unknown value


Stack: [0x000000001fa10000,0x000000001fb10000],  sp=0x000000001fb09778,  free space=997k
Native frames: (J=compiled Java code, j=interpreted, Vv=VM code, C=native code)
C  [msvcr120.dll+0x3c3f9]
C  0x000000001fb09820

Java frames: (J=compiled Java code, j=interpreted, Vv=VM code)
j  com.sun.webkit.network.URLLoader.twkDidFinishLoading(J)V+0
j  com.sun.webkit.network.URLLoader.notifyDidFinishLoading()V+44
j  com.sun.webkit.network.URLLoader.lambda$didFinishLoading$103()V+8
j  com.sun.webkit.network.URLLoader$$Lambda$162.run()V+4
j  com.sun.javafx.application.PlatformImpl.lambda$null$173(Ljava/lang/Runnable;)Ljava/lang/Void;+1
j  com.sun.javafx.application.PlatformImpl$$Lambda$50.run()Ljava/lang/Object;+4
v  ~StubRoutines::call_stub
j  java.security.AccessController.doPrivileged(Ljava/security/PrivilegedAction;Ljava/security/AccessControlContext;)Ljava/lang/Object;+0
j  com.sun.javafx.application.PlatformImpl.lambda$runLater$174(Ljava/lang/Runnable;Ljava/security/AccessControlContext;)V+7
j  com.sun.javafx.application.PlatformImpl$$Lambda$49.run()V+8
j  com.sun.glass.ui.InvokeLaterDispatcher$Future.run()V+4
v  ~StubRoutines::call_stub
j  com.sun.glass.ui.win.WinApplication._runLoop(Ljava/lang/Runnable;)V+0
j  com.sun.glass.ui.win.WinApplication.lambda$null$148(ILjava/lang/Runnable;)V+8
j  com.sun.glass.ui.win.WinApplication$$Lambda$38.run()V+12
j  java.lang.Thread.run()V+11
v  ~StubRoutines::call_stub

---------------  P R O C E S S  ---------------

Java Threads: ( => current thread )
  0x000000001f4da000 JavaThread "URL-Loader-12" daemon [_thread_blocked, id=22896, stack(0x0000000068440000,0x0000000068540000)]
  0x000000001f4d9000 JavaThread "URL-Loader-11" daemon [_thread_blocked, id=17892, stack(0x0000000068340000,0x0000000068440000)]
  0x000000001f4dd000 JavaThread "Keep-Alive-Timer" daemon [_thread_blocked, id=23824, stack(0x0000000068240000,0x0000000068340000)]
  0x000000001f4d8800 JavaThread "URL-Loader-10" daemon [_thread_blocked, id=24932, stack(0x0000000068140000,0x0000000068240000)]
  0x000000001f4df000 JavaThread "URL-Loader-9" daemon [_thread_blocked, id=1284, stack(0x0000000068040000,0x0000000068140000)]
  0x000000001f4dd800 JavaThread "URL-Loader-8" daemon [_thread_blocked, id=6624, stack(0x0000000067f40000,0x0000000068040000)]
  0x000000001f4dc000 JavaThread "URL-Loader-7" daemon [_thread_blocked, id=2328, stack(0x0000000067e40000,0x0000000067f40000)]
  0x000000001f4de800 JavaThread "URL-Loader-6" daemon [_thread_blocked, id=15936, stack(0x0000000067d40000,0x0000000067e40000)]
  0x000000001f4da800 JavaThread "URL-Loader-5" daemon [_thread_blocked, id=22096, stack(0x0000000067c40000,0x0000000067d40000)]
  0x000000001f4db800 JavaThread "URL-Loader-4" daemon [_thread_blocked, id=17564, stack(0x0000000067b40000,0x0000000067c40000)]
  0x000000001f45f800 JavaThread "URL-Loader-3" daemon [_thread_blocked, id=14268, stack(0x0000000067a40000,0x0000000067b40000)]
  0x000000001f45a800 JavaThread "URL-Loader-2" daemon [_thread_in_Java, id=20168, stack(0x0000000067940000,0x0000000067a40000)]
  0x000000001f33e800 JavaThread "URL-Loader-1" daemon [_thread_blocked, id=15524, stack(0x0000000064af0000,0x0000000064bf0000)]
  0x000000001f2bf000 JavaThread "Disposer" daemon [_thread_blocked, id=4956, stack(0x00000000647f0000,0x00000000648f0000)]
  0x000000001f271800 JavaThread "Thread-3" daemon [_thread_in_native, id=23652, stack(0x00000000244e0000,0x00000000245e0000)]
  0x000000001f248000 JavaThread "JavaFX-Launcher" [_thread_blocked, id=17764, stack(0x00000000246e0000,0x00000000247e0000)]
=>0x000000001f1ab800 JavaThread "JavaFX Application Thread" [_thread_in_native, id=900, stack(0x000000001fa10000,0x000000001fb10000)]
  0x000000001f1a9000 JavaThread "Thread-1" daemon [_thread_blocked, id=24184, stack(0x000000001f910000,0x000000001fa10000)]
  0x000000001f17b000 JavaThread "QuantumRenderer-0" daemon [_thread_blocked, id=15764, stack(0x000000001f600000,0x000000001f700000)]
  0x000000001df1b800 JavaThread "Service Thread" daemon [_thread_blocked, id=17188, stack(0x000000001ea80000,0x000000001eb80000)]
  0x000000001de88000 JavaThread "C1 CompilerThread3" daemon [_thread_in_native, id=12092, stack(0x000000001e980000,0x000000001ea80000)]
  0x000000001de84000 JavaThread "C2 CompilerThread2" daemon [_thread_in_native, id=7928, stack(0x000000001e880000,0x000000001e980000)]
  0x000000001de7f800 JavaThread "C2 CompilerThread1" daemon [_thread_blocked, id=22868, stack(0x000000001e780000,0x000000001e880000)]
  0x000000001de7b000 JavaThread "C2 CompilerThread0" daemon [_thread_in_native, id=24928, stack(0x000000001e680000,0x000000001e780000)]
  0x000000001de7a000 JavaThread "Attach Listener" daemon [_thread_blocked, id=9636, stack(0x000000001e580000,0x000000001e680000)]
  0x000000001bf6e800 JavaThread "Signal Dispatcher" daemon [_thread_blocked, id=10144, stack(0x000000001e480000,0x000000001e580000)]
  0x000000001de70800 JavaThread "Finalizer" daemon [_thread_blocked, id=25520, stack(0x000000001e250000,0x000000001e350000)]
  0x00000000024e8000 JavaThread "Reference Handler" daemon [_thread_blocked, id=20768, stack(0x000000001dd50000,0x000000001de50000)]
  0x00000000023f3000 JavaThread "main" [_thread_blocked, id=24748, stack(0x0000000002220000,0x0000000002320000)]

Other Threads:
  0x000000001bf59800 VMThread [stack: 0x000000001dc50000,0x000000001dd50000] [id=22024]
  0x000000001df3e800 WatcherThread [stack: 0x000000001ed00000,0x000000001ee00000] [id=2120]

VM state:not at safepoint (normal execution)

VM Mutex/Monitor currently owned by a thread: None

Heap:
 PSYoungGen      total 75776K, used 47685K [0x000000076b980000, 0x0000000770e00000, 0x00000007c0000000)
  eden space 65024K, 73% used [0x000000076b980000,0x000000076e811718,0x000000076f900000)
  from space 10752K, 0% used [0x0000000770380000,0x0000000770380000,0x0000000770e00000)
  to   space 10752K, 0% used [0x000000076f900000,0x000000076f900000,0x0000000770380000)
 ParOldGen       total 173568K, used 0K [0x00000006c2c00000, 0x00000006cd580000, 0x000000076b980000)
  object space 173568K, 0% used [0x00000006c2c00000,0x00000006c2c00000,0x00000006cd580000)
 Metaspace       used 15133K, capacity 15774K, committed 15872K, reserved 1062912K
  class space    used 2080K, capacity 2248K, committed 2304K, reserved 1048576K

Card table byte_map: [0x00000000119a0000,0x0000000012190000] byte_map_base: 0x000000000e38a000

Marking Bits: (ParMarkBitMap*) 0x000000006d05d850
 Begin Bits: [0x0000000012ee0000, 0x0000000016e30000)
 End Bits:   [0x0000000016e30000, 0x000000001ad80000)

Polling page: 0x0000000002320000

CodeCache: size=245760Kb used=3622Kb max_used=3634Kb free=242137Kb
 bounds [0x00000000025e0000, 0x0000000002970000, 0x00000000115e0000]
 total_blobs=1627 nmethods=966 adapters=574
 compilation: enabled

Compilation events (10 events):
Event: 0.839 Thread 0x000000001de7f800 nmethod 917 0x0000000002943310 code [0x0000000002943440, 0x00000000029434f8]
Event: 0.839 Thread 0x000000001de88000 nmethod 916 0x000000000294fa50 code [0x000000000294fe60, 0x0000000002952338]
Event: 0.839 Thread 0x000000001de88000  919       3       java.util.jar.Manifest$FastInputStream::readLine (167 bytes)
Event: 0.840 Thread 0x000000001de88000 nmethod 919 0x0000000002942850 code [0x0000000002942a00, 0x0000000002942fd8]
Event: 0.840 Thread 0x000000001de88000  920       1       java.lang.StringCoding$StringDecoder::requestedCharsetName (5 bytes)
Event: 0.840 Thread 0x000000001de88000 nmethod 920 0x00000000029447d0 code [0x0000000002944920, 0x0000000002944a30]
Event: 0.840 Thread 0x000000001de88000  918       3       sun.security.util.DerInputStream::available (8 bytes)
Event: 0.840 Thread 0x000000001de88000 nmethod 918 0x0000000002944190 code [0x0000000002944300, 0x00000000029446d0]
Event: 0.841 Thread 0x000000001de88000  921       3       java.lang.ThreadLocal::getMap (5 bytes)
Event: 0.841 Thread 0x000000001de88000 nmethod 921 0x000000000294f710 code [0x000000000294f860, 0x000000000294f9b0]

GC Heap History (0 events):
No events

Deoptimization events (10 events):
Event: 0.544 Thread 0x000000001f1ab800 Uncommon trap: reason=class_check action=maybe_recompile pc=0x000000000285e668 method=java.io.DataInputStream.readShort()S @ 4
Event: 0.544 Thread 0x000000001f1ab800 Uncommon trap: reason=class_check action=maybe_recompile pc=0x000000000285e668 method=java.io.DataInputStream.readShort()S @ 4
Event: 0.545 Thread 0x000000001f1ab800 Uncommon trap: reason=class_check action=maybe_recompile pc=0x000000000285e668 method=java.io.DataInputStream.readShort()S @ 4
Event: 0.545 Thread 0x000000001f1ab800 Uncommon trap: reason=class_check action=maybe_recompile pc=0x000000000285e668 method=java.io.DataInputStream.readShort()S @ 4
Event: 0.549 Thread 0x000000001f1ab800 Uncommon trap: reason=class_check action=maybe_recompile pc=0x000000000271b054 method=java.lang.String.equals(Ljava/lang/Object;)Z @ 8
Event: 0.549 Thread 0x000000001f1ab800 Uncommon trap: reason=class_check action=maybe_recompile pc=0x000000000271b054 method=java.lang.String.equals(Ljava/lang/Object;)Z @ 8
Event: 0.549 Thread 0x000000001f1ab800 Uncommon trap: reason=class_check action=maybe_recompile pc=0x000000000271b054 method=java.lang.String.equals(Ljava/lang/Object;)Z @ 8
Event: 0.550 Thread 0x000000001f1ab800 Uncommon trap: reason=class_check action=maybe_recompile pc=0x000000000271b054 method=java.lang.String.equals(Ljava/lang/Object;)Z @ 8
Event: 0.589 Thread 0x000000001f1ab800 Uncommon trap: reason=unstable_if action=reinterpret pc=0x000000000288e3f8 method=jdk.internal.org.objectweb.asm.Type.getArgumentsAndReturnSizes(Ljava/lang/String;)I @ 47
Event: 0.796 Thread 0x000000001f33e800 Uncommon trap: reason=unstable_if action=reinterpret pc=0x00000000028cbd48 method=java.lang.String.regionMatches(ZILjava/lang/String;II)Z @ 123

Internal exceptions (10 events):
Event: 0.148 Thread 0x00000000023f3000 Exception <a 'java/security/PrivilegedActionException'> (0x000000076bfaa278) thrown at [C:\re\workspace\8-2-build-windows-amd64-cygwin\jdk8u144\9417\hotspot\src\share\vm\prims\jvm.cpp, line 1390]
Event: 0.148 Thread 0x00000000023f3000 Exception <a 'java/security/PrivilegedActionException'> (0x000000076bfaa488) thrown at [C:\re\workspace\8-2-build-windows-amd64-cygwin\jdk8u144\9417\hotspot\src\share\vm\prims\jvm.cpp, line 1390]
Event: 0.149 Thread 0x00000000023f3000 Exception <a 'java/security/PrivilegedActionException'> (0x000000076bfae398) thrown at [C:\re\workspace\8-2-build-windows-amd64-cygwin\jdk8u144\9417\hotspot\src\share\vm\prims\jvm.cpp, line 1390]
Event: 0.149 Thread 0x00000000023f3000 Exception <a 'java/security/PrivilegedActionException'> (0x000000076bfae5a8) thrown at [C:\re\workspace\8-2-build-windows-amd64-cygwin\jdk8u144\9417\hotspot\src\share\vm\prims\jvm.cpp, line 1390]
Event: 0.149 Thread 0x00000000023f3000 Exception <a 'java/lang/NullPointerException'> (0x000000076bfaeb80) thrown at [C:\re\workspace\8-2-build-windows-amd64-cygwin\jdk8u144\9417\hotspot\src\share\vm\interpreter\linkResolver.cpp, line 1197]
Event: 0.299 Thread 0x000000001f1ab800 Exception <a 'java/lang/NullPointerException'> (0x000000076c98c400) thrown at [C:\re\workspace\8-2-build-windows-amd64-cygwin\jdk8u144\9417\hotspot\src\share\vm\interpreter\linkResolver.cpp, line 1197]
Event: 0.299 Thread 0x000000001f1ab800 Exception <a 'java/lang/NullPointerException'> (0x000000076c98c400) thrown at [C:\re\workspace\8-2-build-windows-amd64-cygwin\jdk8u144\9417\hotspot\src\share\vm\prims\jvm.cpp, line 1394]
Event: 0.428 Thread 0x000000001f1ab800 Exception <a 'sun/nio/fs/WindowsException'> (0x000000076d1a0030) thrown at [C:\re\workspace\8-2-build-windows-amd64-cygwin\jdk8u144\9417\hotspot\src\share\vm\prims\jni.cpp, line 709]
Event: 0.429 Thread 0x000000001f1ab800 Exception <a 'sun/nio/fs/WindowsException'> (0x000000076d1a1e18) thrown at [C:\re\workspace\8-2-build-windows-amd64-cygwin\jdk8u144\9417\hotspot\src\share\vm\prims\jni.cpp, line 709]
Event: 0.434 Thread 0x000000001f1ab800 Implicit null exception at 0x00000000027f6e56 to 0x00000000027f71f9

Events (10 events):
Event: 0.842 loading class java/security/MessageDigest
Event: 0.842 loading class java/security/MessageDigestSpi
Event: 0.842 loading class java/security/MessageDigestSpi done
Event: 0.842 loading class java/security/MessageDigest done
Event: 0.842 loading class sun/security/provider/SHA2$SHA256
Event: 0.843 loading class sun/security/provider/SHA2
Event: 0.843 loading class sun/security/provider/DigestBase
Event: 0.843 loading class sun/security/provider/DigestBase done
Event: 0.843 loading class sun/security/provider/SHA2 done
Event: 0.843 loading class sun/security/provider/SHA2$SHA256 done


Dynamic libraries:
0x00007ff72c750000 - 0x00007ff72c787000 	C:\Program Files\Java\jdk1.8.0_144\bin\java.exe
0x00007ff9b7550000 - 0x00007ff9b7764000 	C:\Windows\SYSTEM32\ntdll.dll
0x00007ff9b6a30000 - 0x00007ff9b6af2000 	C:\Windows\System32\KERNEL32.DLL
0x00007ff9b4a50000 - 0x00007ff9b4dec000 	C:\Windows\System32\KERNELBASE.dll
0x00007ff9b5820000 - 0x00007ff9b58ce000 	C:\Windows\System32\ADVAPI32.dll
0x00007ff9b68f0000 - 0x00007ff9b6997000 	C:\Windows\System32\msvcrt.dll
0x00007ff9b5980000 - 0x00007ff9b5a24000 	C:\Windows\System32\sechost.dll
0x00007ff9b5560000 - 0x00007ff9b5677000 	C:\Windows\System32\RPCRT4.dll
0x00007ff9b5ed0000 - 0x00007ff9b607b000 	C:\Windows\System32\USER32.dll
0x00007ff9b4df0000 - 0x00007ff9b4e16000 	C:\Windows\System32\win32u.dll
0x00007ff9b6080000 - 0x00007ff9b60a9000 	C:\Windows\System32\GDI32.dll
0x00007ff9b4e20000 - 0x00007ff9b4f33000 	C:\Windows\System32\gdi32full.dll
0x00007ff9b4f40000 - 0x00007ff9b4fda000 	C:\Windows\System32\msvcp_win.dll
0x00007ff9b5150000 - 0x00007ff9b5261000 	C:\Windows\System32\ucrtbase.dll
0x00007ff995ba0000 - 0x00007ff995e2e000 	C:\Windows\WinSxS\amd64_microsoft.windows.common-controls_6595b64144ccf1df_6.0.22621.608_none_a9444ca7c10bb01d\COMCTL32.dll
0x00007ff9b5e90000 - 0x00007ff9b5ec1000 	C:\Windows\System32\IMM32.DLL
0x000000006c760000 - 0x000000006c832000 	C:\Program Files\Java\jdk1.8.0_144\jre\bin\msvcr100.dll
0x000000006c840000 - 0x000000006d0dd000 	C:\Program Files\Java\jdk1.8.0_144\jre\bin\server\jvm.dll
0x00007ff9b68b0000 - 0x00007ff9b68b8000 	C:\Windows\System32\PSAPI.DLL
0x00007ff99c710000 - 0x00007ff99c719000 	C:\Windows\SYSTEM32\WSOCK32.dll
0x00007ff9a7b80000 - 0x00007ff9a7b8a000 	C:\Windows\SYSTEM32\VERSION.dll
0x00007ff9b57a0000 - 0x00007ff9b5811000 	C:\Windows\System32\WS2_32.dll
0x00007ff9a1380000 - 0x00007ff9a13b4000 	C:\Windows\SYSTEM32\WINMM.dll
0x000000006c710000 - 0x000000006c71f000 	C:\Program Files\Java\jdk1.8.0_144\jre\bin\verify.dll
0x000000006c6e0000 - 0x000000006c709000 	C:\Program Files\Java\jdk1.8.0_144\jre\bin\java.dll
0x000000006c6c0000 - 0x000000006c6d6000 	C:\Program Files\Java\jdk1.8.0_144\jre\bin\zip.dll
0x00007ff9b6bf0000 - 0x00007ff9b73e0000 	C:\Windows\System32\SHELL32.dll
0x00007ff9b2950000 - 0x00007ff9b321d000 	C:\Windows\SYSTEM32\windows.storage.dll
0x00007ff9b5a30000 - 0x00007ff9b5db9000 	C:\Windows\System32\combase.dll
0x00007ff9b2810000 - 0x00007ff9b294e000 	C:\Windows\SYSTEM32\wintypes.dll
0x00007ff9b60b0000 - 0x00007ff9b61a1000 	C:\Windows\System32\SHCORE.dll
0x00007ff9b5360000 - 0x00007ff9b53be000 	C:\Windows\System32\shlwapi.dll
0x00007ff9b48c0000 - 0x00007ff9b48e1000 	C:\Windows\SYSTEM32\profapi.dll
0x00007ff9372e0000 - 0x00007ff9373cf000 	C:\Program Files\Java\jdk1.8.0_144\jre\bin\msvcr120.dll
0x00007ff93ab70000 - 0x00007ff93ac16000 	C:\Program Files\Java\jdk1.8.0_144\jre\bin\msvcp120.dll
0x000000006c360000 - 0x000000006c382000 	C:\Program Files\Java\jdk1.8.0_144\jre\bin\prism_d3d.dll
0x00007ff9a4550000 - 0x00007ff9a46f9000 	C:\Windows\system32\d3d9.dll
0x00007ff9b22a0000 - 0x00007ff9b22cb000 	C:\Windows\SYSTEM32\dwmapi.dll
0x00007ff9b2060000 - 0x00007ff9b2096000 	C:\Windows\SYSTEM32\dxcore.dll
0x00007ff9b1f80000 - 0x00007ff9b202b000 	C:\Windows\system32\uxtheme.dll
0x00007ff9751c0000 - 0x00007ff97531d000 	C:\Windows\System32\DriverStore\FileRepository\iigd_dch.inf_amd64_0651c2cb9dd31504\igdumdim64.dll
0x00007ff96aaa0000 - 0x00007ff96e3a9000 	C:\Windows\System32\DriverStore\FileRepository\iigd_dch.inf_amd64_0651c2cb9dd31504\igd9dxva64.dll
0x00007ff9b53c0000 - 0x00007ff9b555c000 	C:\Windows\System32\ole32.dll
0x00007ff9b6b00000 - 0x00007ff9b6bd7000 	C:\Windows\System32\OLEAUT32.dll
0x00007ff9b63d0000 - 0x00007ff9b6844000 	C:\Windows\System32\SETUPAPI.dll
0x00007ff9b46a0000 - 0x00007ff9b46ee000 	C:\Windows\SYSTEM32\cfgmgr32.dll
0x00007ff9aa1d0000 - 0x00007ff9aa374000 	C:\Windows\System32\DriverStore\FileRepository\iigd_dch.inf_amd64_0651c2cb9dd31504\igdgmm64.dll
0x00007ff9afcb0000 - 0x00007ff9afcf8000 	C:\Windows\SYSTEM32\directxdatabasehelper.dll
0x00007ff9b39a0000 - 0x00007ff9b39b8000 	C:\Windows\SYSTEM32\kernel.appcore.dll
0x000000006c310000 - 0x000000006c353000 	C:\Program Files\Java\jdk1.8.0_144\jre\bin\glass.dll
0x00007ff9b73e0000 - 0x00007ff9b74d7000 	C:\Windows\System32\COMDLG32.dll
0x00007ff9b5680000 - 0x00007ff9b579e000 	C:\Windows\System32\MSCTF.dll
0x00007ff9b5270000 - 0x00007ff9b52eb000 	C:\Windows\System32\bcryptPrimitives.dll
0x00007ff97b120000 - 0x00007ff97b146000 	C:\Windows\System32\DriverStore\FileRepository\iigd_dch.inf_amd64_0651c2cb9dd31504\igdinfo64.dll
0x00007ff9a7bc0000 - 0x00007ff9aa1c4000 	C:\Windows\System32\DriverStore\FileRepository\iigd_dch.inf_amd64_0651c2cb9dd31504\igc64.dll
0x0000000069b50000 - 0x000000006c304000 	C:\Program Files\Java\jdk1.8.0_144\jre\bin\jfxwebkit.dll
0x00007ff9b4280000 - 0x00007ff9b429b000 	C:\Windows\SYSTEM32\CRYPTSP.dll
0x00007ff9b3910000 - 0x00007ff9b3945000 	C:\Windows\system32\rsaenh.dll
0x00007ff9b41f0000 - 0x00007ff9b41fc000 	C:\Windows\SYSTEM32\CRYPTBASE.dll
0x0000000069b30000 - 0x0000000069b44000 	C:\Program Files\Java\jdk1.8.0_144\jre\bin\javafx_font.dll
0x000000006c6a0000 - 0x000000006c6ba000 	C:\Program Files\Java\jdk1.8.0_144\jre\bin\net.dll
0x00007ff9b3e00000 - 0x00007ff9b3e69000 	C:\Windows\system32\mswsock.dll
0x000000006c680000 - 0x000000006c691000 	C:\Program Files\Java\jdk1.8.0_144\jre\bin\nio.dll
0x00007ff9b09b0000 - 0x00007ff9b0c17000 	C:\Windows\SYSTEM32\dwrite.dll
0x00007ff9b58d0000 - 0x00007ff9b5980000 	C:\Windows\System32\clbcatq.dll
0x00007ff9b0410000 - 0x00007ff9b05c0000 	C:\Windows\SYSTEM32\WindowsCodecs.dll
0x00007ff99a6c0000 - 0x00007ff99a71e000 	C:\Windows\system32\dataexchange.dll
0x00007ff9ad2f0000 - 0x00007ff9ad55a000 	C:\Windows\system32\twinapi.appcore.dll
0x00007ff95bdc0000 - 0x00007ff95bdf2000 	C:\Program Files\Common Files\Microsoft Shared\Ink\rtscom.dll
0x00007ff99c230000 - 0x00007ff99c35e000 	C:\Windows\SYSTEM32\textinputframework.dll
0x00007ff9b1ad0000 - 0x00007ff9b1c03000 	C:\Windows\SYSTEM32\CoreMessaging.dll
0x00007ff9af090000 - 0x00007ff9af3fc000 	C:\Windows\SYSTEM32\CoreUIComponents.dll
0x00007ff9a06a0000 - 0x00007ff9a08ce000 	C:\Windows\SYSTEM32\dbghelp.dll
0x000000006c3d0000 - 0x000000006c3f4000 	C:\Program Files\Java\jdk1.8.0_144\jre\bin\sunec.dll

VM Arguments:
jvm_args: -Dfile.encoding=UTF-8 
java_command: hygie.gui.NewFXMain
java_class_path (initial): C:\Program Files\NetBeans 8.2\ide\modules\ext\mysql-connector-java-5.1.23-bin.jar;C:\Program Files\NetBeans 8.2\ide\modules\ext\postgresql-9.4.1209.jar;C:\Users\Khaled\Documents\Hygie\itextpdf-5.5.9.jar;C:\Users\Khaled\Documents\poi-bin-5.2.3\poi-5.2.3.jar;C:\Users\Khaled\Documents\poi-bin-5.2.3\poi-examples-5.2.3.jar;C:\Users\Khaled\Documents\poi-bin-5.2.3\poi-excelant-5.2.3.jar;C:\Users\Khaled\Documents\poi-bin-5.2.3\poi-javadoc-5.2.3.jar;C:\Users\Khaled\Documents\poi-bin-5.2.3\poi-ooxml-5.2.3.jar;C:\Users\Khaled\Documents\poi-bin-5.2.3\poi-ooxml-full-5.2.3.jar;C:\Users\Khaled\Documents\poi-bin-5.2.3\poi-ooxml-lite-5.2.3.jar;C:\Users\Khaled\Documents\poi-bin-5.2.3\poi-scratchpad-5.2.3.jar;C:\Users\Khaled\Documents\poi-bin-5.2.3\lib\SparseBitSet-1.2.jar;C:\Users\Khaled\Documents\poi-bin-5.2.3\lib\commons-codec-1.15.jar;C:\Users\Khaled\Documents\poi-bin-5.2.3\lib\commons-collections4-4.4.jar;C:\Users\Khaled\Documents\poi-bin-5.2.3\lib\commons-io-2.11.0.jar;C:\Users\Khaled\Documents\poi-bin-5.2.3\lib\commons-math3-3.6.1.jar;C:\Users\Khaled\Documents\poi-bin-5.2.3\lib\log4j-api-2.18.0.jar;C:\Users\Khaled\Documents\poi-bin-5.2.3\ooxml-lib\commons-compress-1.21.jar;C:\Users\Khaled\Documents\poi-bin-5.2.3\ooxml-lib\commons-logging-1.2.jar;C:\Users\Khaled\Documents\poi-bin-5.2.3\ooxml-lib\curvesapi-1.07.jar;C:\Users\Khaled\Documents\poi-bin-5.2.3\ooxml-lib\jakarta.activation-2.0.1.jar;C:\Users\Khaled\Documents\poi-bin-5.2.3\ooxml-lib\jakarta.xml.bind-api-3.0.1.jar;C:\Users\Khaled\Documents\poi-bin-5.2.3\ooxml-lib\slf4j-api-1.7.36.jar;C:\Users\Khaled\Documents\poi-bin-5.2.3\ooxml-lib\xmlbeans-5.1.1.jar;C:\Users\Khaled\Documents\poi-bin-5.2.3\auxiliary\batik-anim-1.14.jar;C:\Users\Khaled\Documents\poi-bin-5.2.3\auxiliary\batik-awt-util-1.14.jar;C:\Users\Khaled\Documents\poi-bin-5.2.3\auxiliary\batik-bridge-1.14.jar;C:\Users\Khaled\Documents\poi-bin-5.2.3\auxiliary\batik-codec-1.14.jar;C:\Users\Khaled\Documents\poi-bin-5.2.3\auxiliary\batik-const
Launcher Type: SUN_STANDARD

Environment Variables:
PATH=C:\oraclexe\app\oracle\product\11.2.0\server\bin;C:\ProgramData\Oracle\Java\javapath;C:\oraclexe\app\oracle\product\11.2.0\server\bin;C:\Windows\system32;C:\Windows;C:\Windows\System32\Wbem;C:\Windows\System32\WindowsPowerShell\v1.0\;C:\Windows\System32\OpenSSH\;C:\Program Files\Git\cmd;C:\Program Files\NVIDIA Corporation\NVIDIA NvDLISR;C:\Program Files (x86)\NVIDIA Corporation\PhysX\Common;C:\xampp\php;C:\ProgramData\ComposerSetup\bin;C:\Users\Khaled\scoop\shims;C:\Users\Khaled\AppData\Local\Microsoft\WindowsApps;C:\Program Files\JetBrains\IntelliJ IDEA 2022.3.1\bin;C:\Users\Khaled\AppData\Local\JetBrains\PhpStorm 2022.3.1\bin;C:\Users\Khaled\AppData\Roaming\Composer\vendor\bin;C:\Users\Khaled\AppData\Local\Programs\Microsoft VS Code\bin;C:\Program Files\wkhtmltopdf\bin
USERNAME=Khaled
OS=Windows_NT
PROCESSOR_IDENTIFIER=Intel64 Family 6 Model 165 Stepping 2, GenuineIntel



---------------  S Y S T E M  ---------------

OS: Windows 10.0 , 64 bit Build 22621 (10.0.22621.1485)

CPU:total 8 (initial active 8) (4 cores per cpu, 2 threads per core) family 6 model 165 stepping 2, cmov, cx8, fxsr, mmx, sse, sse2, sse3, ssse3, sse4.1, sse4.2, popcnt, avx, avx2, aes, clmul, erms, 3dnowpref, lzcnt, ht, tsc, tscinvbit, bmi1, bmi2, adx

Memory: 4k page, physical 16591040k(2952428k free), swap 24369456k(4214220k free)

vm_info: Java HotSpot(TM) 64-Bit Server VM (25.144-b01) for windows-amd64 JRE (1.8.0_144-b01), built on Jul 21 2017 21:57:33 by "java_re" with MS VC++ 10.0 (VS2010)

time: Sat Apr 29 00:28:35 2023
elapsed time: 0 seconds (0d 0h 0m 0s)

