#
# A fatal error has been detected by the Java Runtime Environment:
#
#  EXCEPTION_ACCESS_VIOLATION (0xc0000005) at pc=0x00007ff95bf0c3f9, pid=24200, tid=0x000000000000284c
#
# JRE version: Java(TM) SE Runtime Environment (8.0_144-b01) (build 1.8.0_144-b01)
# Java VM: Java HotSpot(TM) 64-Bit Server VM (25.144-b01 mixed mode windows-amd64 compressed oops)
# Problematic frame:
# C  [msvcr120.dll+0x3c3f9]
#
# Failed to write core dump. Minidumps are not enabled by default on client versions of Windows
#
# If you would like to submit a bug report, please visit:
#   http://bugreport.java.com/bugreport/crash.jsp
# The crash happened outside the Java Virtual Machine in native code.
# See problematic frame for where to report the bug.
#

---------------  T H R E A D  ---------------

Current thread (0x000000001f901000):  JavaThread "JavaFX Application Thread" [_thread_in_native, id=10316, stack(0x0000000020240000,0x0000000020340000)]

siginfo: ExceptionCode=0xc0000005, reading address 0x0000019c00000001

Registers:
RAX=0x0000000067899f70, RBX=0x0000000067899f70, RCX=0x000000000000002d, RDX=0x0000019b98766079
RSP=0x00000000203395f8, RBP=0x0000019c00000001, RSI=0x0000019c00000001, RDI=0x0000000067899f88
R8 =0x000000000000002d, R9 =0x0000000000000040, R10=0x0000019c00000001, R11=0x0000000067899f88
R12=0x000000002033c082, R13=0x000000002033c330, R14=0x0000000000000007, R15=0x0000000000000000
RIP=0x00007ff95bf0c3f9, EFLAGS=0x0000000000010213

Top of Stack: (sp=0x00000000203395f8)
0x00000000203395f8:   00000000203396a0 000000000000002d
0x0000000020339608:   000000006ac42c6d 0000000000000002
0x0000000020339618:   00007ff9b758c7aa 0000000000c40000
0x0000000020339628:   0000000000000000 0000000000000001
0x0000000020339638:   000000006ac45fde 00000000203396a0
0x0000000020339648:   0000000000000007 0000000067826500
0x0000000020339658:   0000000000000000 00000000203396d8
0x0000000020339668:   000000006ac4bdbf 000000002033c330
0x0000000020339678:   000000002033c082 0000000000000018
0x0000000020339688:   0000000000100004 0000000020339700
0x0000000020339698:   0000000069d123a2 0000000000000000
0x00000000203396a8:   0000000000000018 000000002033c330
0x00000000203396b8:   0000000020330000 0000000067826520
0x00000000203396c8:   0000000069d70616 0000000000000000
0x00000000203396d8:   0000000000000000 00000000678264e0
0x00000000203396e8:   0000000000100004 0000000020339780 

Instructions: (pc=0x00007ff95bf0c3f9)
0x00007ff95bf0c3d9:   03 c0 48 3b c8 0f 8c 96 03 00 00 0f ba 25 6c 53
0x00007ff95bf0c3e9:   0a 00 01 73 13 57 56 48 8b f9 49 8b f2 49 8b c8
0x00007ff95bf0c3f9:   f3 a4 5e 5f 49 8b c3 c3 0f ba 25 4f 53 0a 00 02
0x00007ff95bf0c409:   0f 82 56 02 00 00 f6 c1 07 74 36 f6 c1 01 74 0b 


Register to memory mapping:

RAX=0x0000000067899f70 is an unknown value
RBX=0x0000000067899f70 is an unknown value
RCX=0x000000000000002d is an unknown value
RDX=0x0000019b98766079 is an unknown value
RSP=0x00000000203395f8 is pointing into the stack for thread: 0x000000001f901000
RBP=0x0000019c00000001 is an unknown value
RSI=0x0000019c00000001 is an unknown value
RDI=0x0000000067899f88 is an unknown value
R8 =0x000000000000002d is an unknown value
R9 =0x0000000000000040 is an unknown value
R10=0x0000019c00000001 is an unknown value
R11=0x0000000067899f88 is an unknown value
R12=0x000000002033c082 is pointing into the stack for thread: 0x000000001f901000
R13=0x000000002033c330 is pointing into the stack for thread: 0x000000001f901000
R14=0x0000000000000007 is an unknown value
R15=0x0000000000000000 is an unknown value


Stack: [0x0000000020240000,0x0000000020340000],  sp=0x00000000203395f8,  free space=997k
Native frames: (J=compiled Java code, j=interpreted, Vv=VM code, C=native code)
C  [msvcr120.dll+0x3c3f9]
C  0x00000000203396a0

Java frames: (J=compiled Java code, j=interpreted, Vv=VM code)
j  com.sun.webkit.network.URLLoader.twkDidFinishLoading(J)V+0
j  com.sun.webkit.network.URLLoader.notifyDidFinishLoading()V+44
j  com.sun.webkit.network.URLLoader.lambda$didFinishLoading$103()V+8
j  com.sun.webkit.network.URLLoader$$Lambda$162.run()V+4
j  com.sun.javafx.application.PlatformImpl.lambda$null$173(Ljava/lang/Runnable;)Ljava/lang/Void;+1
j  com.sun.javafx.application.PlatformImpl$$Lambda$50.run()Ljava/lang/Object;+4
v  ~StubRoutines::call_stub
J 1024  java.security.AccessController.doPrivileged(Ljava/security/PrivilegedAction;Ljava/security/AccessControlContext;)Ljava/lang/Object; (0 bytes) @ 0x0000000003055e66 [0x0000000003055e00+0x66]
j  com.sun.javafx.application.PlatformImpl.lambda$runLater$174(Ljava/lang/Runnable;Ljava/security/AccessControlContext;)V+7
j  com.sun.javafx.application.PlatformImpl$$Lambda$48.run()V+8
j  com.sun.glass.ui.InvokeLaterDispatcher$Future.run()V+4
v  ~StubRoutines::call_stub
j  com.sun.glass.ui.win.WinApplication._runLoop(Ljava/lang/Runnable;)V+0
j  com.sun.glass.ui.win.WinApplication.lambda$null$148(ILjava/lang/Runnable;)V+8
j  com.sun.glass.ui.win.WinApplication$$Lambda$38.run()V+12
j  java.lang.Thread.run()V+11
v  ~StubRoutines::call_stub

---------------  P R O C E S S  ---------------

Java Threads: ( => current thread )
  0x000000001fb74000 JavaThread "URL-Loader-18" daemon [_thread_in_native, id=23844, stack(0x0000000069400000,0x0000000069500000)]
  0x000000001fb78000 JavaThread "URL-Loader-17" daemon [_thread_in_native, id=12384, stack(0x0000000069300000,0x0000000069400000)]
  0x000000001fb75000 JavaThread "Keep-Alive-Timer" daemon [_thread_blocked, id=6204, stack(0x0000000069000000,0x0000000069100000)]
  0x000000001fb77800 JavaThread "URL-Loader-16" daemon [_thread_in_native, id=14504, stack(0x0000000068f00000,0x0000000069000000)]
  0x000000001fb75800 JavaThread "URL-Loader-15" daemon [_thread_in_native, id=18852, stack(0x0000000068e00000,0x0000000068f00000)]
  0x000000001fb76800 JavaThread "URL-Loader-14" daemon [_thread_blocked, id=16132, stack(0x0000000068d00000,0x0000000068e00000)]
  0x000000001fba7000 JavaThread "URL-Loader-13" daemon [_thread_in_native, id=18188, stack(0x0000000068c00000,0x0000000068d00000)]
  0x000000001fba6800 JavaThread "URL-Loader-12" daemon [_thread_in_native, id=18768, stack(0x0000000068b00000,0x0000000068c00000)]
  0x000000001fba5800 JavaThread "URL-Loader-11" daemon [_thread_blocked, id=10632, stack(0x0000000068a00000,0x0000000068b00000)]
  0x000000001fba5000 JavaThread "URL-Loader-10" daemon [_thread_in_native, id=15396, stack(0x0000000068900000,0x0000000068a00000)]
  0x000000001fba0800 JavaThread "URL-Loader-9" daemon [_thread_blocked, id=23940, stack(0x0000000068800000,0x0000000068900000)]
  0x000000001fba3800 JavaThread "URL-Loader-8" daemon [_thread_in_native, id=24476, stack(0x0000000068700000,0x0000000068800000)]
  0x000000001fba4000 JavaThread "URL-Loader-7" daemon [_thread_blocked, id=20148, stack(0x0000000068600000,0x0000000068700000)]
  0x000000001fba2800 JavaThread "URL-Loader-6" daemon [_thread_blocked, id=19704, stack(0x0000000068500000,0x0000000068600000)]
  0x000000001fba2000 JavaThread "URL-Loader-5" daemon [_thread_blocked, id=13292, stack(0x0000000068400000,0x0000000068500000)]
  0x000000001fba1000 JavaThread "URL-Loader-4" daemon [_thread_blocked, id=22892, stack(0x0000000068300000,0x0000000068400000)]
  0x000000001fc7c000 JavaThread "URL-Loader-3" daemon [_thread_in_native, id=4156, stack(0x0000000068200000,0x0000000068300000)]
  0x000000001fc7b000 JavaThread "URL-Loader-2" daemon [_thread_blocked, id=15204, stack(0x0000000068100000,0x0000000068200000)]
  0x000000001faad800 JavaThread "URL-Loader-1" daemon [_thread_blocked, id=22836, stack(0x0000000065330000,0x0000000065430000)]
  0x000000001f907000 JavaThread "Disposer" daemon [_thread_blocked, id=4888, stack(0x0000000065030000,0x0000000065130000)]
  0x000000001f9b0000 JavaThread "Thread-3" daemon [_thread_in_native, id=14464, stack(0x0000000024d20000,0x0000000024e20000)]
  0x000000001f9ca800 JavaThread "JavaFX-Launcher" [_thread_blocked, id=21756, stack(0x0000000024f20000,0x0000000025020000)]
=>0x000000001f901000 JavaThread "JavaFX Application Thread" [_thread_in_native, id=10316, stack(0x0000000020240000,0x0000000020340000)]
  0x000000001f8d3000 JavaThread "Thread-1" daemon [_thread_blocked, id=21848, stack(0x0000000020140000,0x0000000020240000)]
  0x000000001f8cc000 JavaThread "QuantumRenderer-0" daemon [_thread_blocked, id=13936, stack(0x000000001fd10000,0x000000001fe10000)]
  0x000000001e58e800 JavaThread "Service Thread" daemon [_thread_blocked, id=16596, stack(0x000000001f190000,0x000000001f290000)]
  0x000000001e577800 JavaThread "C1 CompilerThread3" daemon [_thread_blocked, id=10212, stack(0x000000001f090000,0x000000001f190000)]
  0x000000001e571000 JavaThread "C2 CompilerThread2" daemon [_thread_blocked, id=21724, stack(0x000000001ef90000,0x000000001f090000)]
  0x000000001e56c800 JavaThread "C2 CompilerThread1" daemon [_thread_blocked, id=24276, stack(0x000000001ee90000,0x000000001ef90000)]
  0x000000001e569800 JavaThread "C2 CompilerThread0" daemon [_thread_blocked, id=15592, stack(0x000000001ed90000,0x000000001ee90000)]
  0x000000001e568000 JavaThread "Attach Listener" daemon [_thread_blocked, id=15980, stack(0x000000001ec90000,0x000000001ed90000)]
  0x000000001e567000 JavaThread "Signal Dispatcher" daemon [_thread_blocked, id=23368, stack(0x000000001eb90000,0x000000001ec90000)]
  0x000000001e560800 JavaThread "Finalizer" daemon [_thread_blocked, id=7388, stack(0x000000001e940000,0x000000001ea40000)]
  0x000000001c66d000 JavaThread "Reference Handler" daemon [_thread_blocked, id=8000, stack(0x000000001e440000,0x000000001e540000)]
  0x0000000002ba3000 JavaThread "main" [_thread_blocked, id=4040, stack(0x0000000002a60000,0x0000000002b60000)]

Other Threads:
  0x000000001c668800 VMThread [stack: 0x000000001e340000,0x000000001e440000] [id=13700]
  0x000000001e592000 WatcherThread [stack: 0x000000001f410000,0x000000001f510000] [id=14572]

VM state:not at safepoint (normal execution)

VM Mutex/Monitor currently owned by a thread: None

Heap:
 PSYoungGen      total 75776K, used 31833K [0x000000076b980000, 0x0000000770e00000, 0x00000007c0000000)
  eden space 65024K, 37% used [0x000000076b980000,0x000000076d106b50,0x000000076f900000)
  from space 10752K, 72% used [0x000000076f900000,0x000000077008fbd8,0x0000000770380000)
  to   space 10752K, 0% used [0x0000000770380000,0x0000000770380000,0x0000000770e00000)
 ParOldGen       total 173568K, used 24K [0x00000006c2c00000, 0x00000006cd580000, 0x000000076b980000)
  object space 173568K, 0% used [0x00000006c2c00000,0x00000006c2c06000,0x00000006cd580000)
 Metaspace       used 18004K, capacity 18658K, committed 18944K, reserved 1064960K
  class space    used 2351K, capacity 2524K, committed 2560K, reserved 1048576K

Card table byte_map: [0x0000000012060000,0x0000000012850000] byte_map_base: 0x000000000ea4a000

Marking Bits: (ParMarkBitMap*) 0x000000006d05d850
 Begin Bits: [0x00000000135a0000, 0x00000000174f0000)
 End Bits:   [0x00000000174f0000, 0x000000001b440000)

Polling page: 0x0000000002a30000

CodeCache: size=245760Kb used=6763Kb max_used=6763Kb free=238997Kb
 bounds [0x0000000002ca0000, 0x0000000003340000, 0x0000000011ca0000]
 total_blobs=2795 nmethods=2091 adapters=616
 compilation: enabled

Compilation events (10 events):
Event: 2.430 Thread 0x000000001e577800 nmethod 2083 0x0000000003339150 code [0x0000000003339340, 0x0000000003339d28]
Event: 2.430 Thread 0x000000001e577800 2084       1       sun.security.ssl.InputRecord::isAppDataValid (5 bytes)
Event: 2.430 Thread 0x000000001e577800 nmethod 2084 0x000000000333a050 code [0x000000000333a1a0, 0x000000000333a2b0]
Event: 2.450 Thread 0x000000001e569800 2085       4       java.util.Collections$UnmodifiableCollection$1::hasNext (10 bytes)
Event: 2.450 Thread 0x000000001e569800 nmethod 2085 0x00000000032aae90 code [0x00000000032aafc0, 0x00000000032ab058]
Event: 2.455 Thread 0x000000001e577800 2086       3       javax.crypto.Cipher::checkCipherState (51 bytes)
Event: 2.456 Thread 0x000000001e577800 nmethod 2086 0x000000000333c850 code [0x000000000333c9e0, 0x000000000333ce78]
Event: 2.456 Thread 0x000000001e577800 2088       3       javax.crypto.CryptoPermission::implies (85 bytes)
Event: 2.456 Thread 0x000000001e577800 nmethod 2088 0x000000000333bb90 code [0x000000000333bd60, 0x000000000333c638]
Event: 2.456 Thread 0x000000001e577800 2089       3       javax.crypto.CryptoPermission::impliesParameterSpec (158 bytes)

GC Heap History (2 events):
Event: 1.652 GC heap before
{Heap before GC invocations=1 (full 0):
 PSYoungGen      total 75776K, used 65024K [0x000000076b980000, 0x0000000770e00000, 0x00000007c0000000)
  eden space 65024K, 100% used [0x000000076b980000,0x000000076f900000,0x000000076f900000)
  from space 10752K, 0% used [0x0000000770380000,0x0000000770380000,0x0000000770e00000)
  to   space 10752K, 0% used [0x000000076f900000,0x000000076f900000,0x0000000770380000)
 ParOldGen       total 173568K, used 0K [0x00000006c2c00000, 0x00000006cd580000, 0x000000076b980000)
  object space 173568K, 0% used [0x00000006c2c00000,0x00000006c2c00000,0x00000006cd580000)
 Metaspace       used 17117K, capacity 17738K, committed 17792K, reserved 1064960K
  class space    used 2276K, capacity 2418K, committed 2432K, reserved 1048576K
Event: 1.658 GC heap after
Heap after GC invocations=1 (full 0):
 PSYoungGen      total 75776K, used 7742K [0x000000076b980000, 0x0000000770e00000, 0x00000007c0000000)
  eden space 65024K, 0% used [0x000000076b980000,0x000000076b980000,0x000000076f900000)
  from space 10752K, 72% used [0x000000076f900000,0x000000077008fbd8,0x0000000770380000)
  to   space 10752K, 0% used [0x0000000770380000,0x0000000770380000,0x0000000770e00000)
 ParOldGen       total 173568K, used 24K [0x00000006c2c00000, 0x00000006cd580000, 0x000000076b980000)
  object space 173568K, 0% used [0x00000006c2c00000,0x00000006c2c06000,0x00000006cd580000)
 Metaspace       used 17117K, capacity 17738K, committed 17792K, reserved 1064960K
  class space    used 2276K, capacity 2418K, committed 2432K, reserved 1048576K
}

Deoptimization events (10 events):
Event: 1.753 Thread 0x000000001fba2000 Uncommon trap: reason=unstable_if action=reinterpret pc=0x00000000032581a0 method=java.util.Arrays.equals([B[B)Z @ 12
Event: 1.753 Thread 0x000000001fba3800 Uncommon trap: reason=unstable_if action=reinterpret pc=0x00000000032581a0 method=java.util.Arrays.equals([B[B)Z @ 12
Event: 1.753 Thread 0x000000001fb76800 Uncommon trap: reason=unstable_if action=reinterpret pc=0x00000000032581a0 method=java.util.Arrays.equals([B[B)Z @ 12
Event: 1.753 Thread 0x000000001fb77800 Uncommon trap: reason=unstable_if action=reinterpret pc=0x00000000032581a0 method=java.util.Arrays.equals([B[B)Z @ 12
Event: 1.753 Thread 0x000000001fba5000 Uncommon trap: reason=unstable_if action=reinterpret pc=0x00000000032581a0 method=java.util.Arrays.equals([B[B)Z @ 12
Event: 1.753 Thread 0x000000001fba2800 Uncommon trap: reason=unstable_if action=reinterpret pc=0x00000000032581a0 method=java.util.Arrays.equals([B[B)Z @ 12
Event: 1.753 Thread 0x000000001fba7000 Uncommon trap: reason=unstable_if action=reinterpret pc=0x00000000032581a0 method=java.util.Arrays.equals([B[B)Z @ 12
Event: 1.753 Thread 0x000000001fc7b000 Uncommon trap: reason=unstable_if action=reinterpret pc=0x00000000032581a0 method=java.util.Arrays.equals([B[B)Z @ 12
Event: 1.753 Thread 0x000000001fb75800 Uncommon trap: reason=unstable_if action=reinterpret pc=0x00000000032581a0 method=java.util.Arrays.equals([B[B)Z @ 12
Event: 1.959 Thread 0x000000001fba6800 Uncommon trap: reason=bimorphic action=maybe_recompile pc=0x0000000003135c4c method=java.util.HashMap.putVal(ILjava/lang/Object;Ljava/lang/Object;ZZ)Ljava/lang/Object; @ 203

Internal exceptions (10 events):
Event: 0.513 Thread 0x000000001f901000 Implicit null exception at 0x0000000002f38e75 to 0x0000000002f39191
Event: 1.753 Thread 0x000000001fba2000 Implicit null exception at 0x0000000003258058 to 0x000000000325818d
Event: 1.753 Thread 0x000000001fb76800 Implicit null exception at 0x0000000003258058 to 0x000000000325818d
Event: 1.753 Thread 0x000000001fba3800 Implicit null exception at 0x0000000003258058 to 0x000000000325818d
Event: 1.753 Thread 0x000000001fb77800 Implicit null exception at 0x0000000003258058 to 0x000000000325818d
Event: 1.753 Thread 0x000000001fba5000 Implicit null exception at 0x0000000003258058 to 0x000000000325818d
Event: 1.753 Thread 0x000000001fba2800 Implicit null exception at 0x0000000003258058 to 0x000000000325818d
Event: 1.753 Thread 0x000000001fba7000 Implicit null exception at 0x0000000003258058 to 0x000000000325818d
Event: 1.753 Thread 0x000000001fc7b000 Implicit null exception at 0x0000000003258058 to 0x000000000325818d
Event: 1.753 Thread 0x000000001fb75800 Implicit null exception at 0x0000000003258058 to 0x000000000325818d

Events (10 events):
Event: 2.179 Executing VM operation: ForceSafepoint
Event: 2.179 Executing VM operation: ForceSafepoint done
Event: 2.289 Thread 0x000000001fb76800 DEOPT PACKING pc=0x00000000032f23ec sp=0x0000000068dfd650
Event: 2.289 Thread 0x000000001fb76800 DEOPT UNPACKING pc=0x0000000002ce787f sp=0x0000000068dfd3b8 mode 0
Event: 2.290 Thread 0x000000001fb76800 DEOPT PACKING pc=0x00000000032f23ec sp=0x0000000068dfd640
Event: 2.290 Thread 0x000000001fb76800 DEOPT UNPACKING pc=0x0000000002ce787f sp=0x0000000068dfd3a8 mode 0
Event: 2.384 Thread 0x000000001fb7d800 Thread added: 0x000000001fb7d800
Event: 2.384 Thread 0x000000001fb7d800 Thread exited: 0x000000001fb7d800
Event: 2.419 Thread 0x000000001fb7c000 Thread added: 0x000000001fb7c000
Event: 2.419 Thread 0x000000001fb7c000 Thread exited: 0x000000001fb7c000


Dynamic libraries:
0x00007ff72c750000 - 0x00007ff72c787000 	C:\Program Files\Java\jdk1.8.0_144\bin\java.exe
0x00007ff9b7550000 - 0x00007ff9b7764000 	C:\Windows\SYSTEM32\ntdll.dll
0x00007ff9b6a30000 - 0x00007ff9b6af2000 	C:\Windows\System32\KERNEL32.DLL
0x00007ff9b4a50000 - 0x00007ff9b4dec000 	C:\Windows\System32\KERNELBASE.dll
0x00007ff9b5820000 - 0x00007ff9b58ce000 	C:\Windows\System32\ADVAPI32.dll
0x00007ff9b68f0000 - 0x00007ff9b6997000 	C:\Windows\System32\msvcrt.dll
0x00007ff9b5980000 - 0x00007ff9b5a24000 	C:\Windows\System32\sechost.dll
0x00007ff9b5560000 - 0x00007ff9b5677000 	C:\Windows\System32\RPCRT4.dll
0x00007ff9b5ed0000 - 0x00007ff9b607b000 	C:\Windows\System32\USER32.dll
0x00007ff9b4df0000 - 0x00007ff9b4e16000 	C:\Windows\System32\win32u.dll
0x00007ff9b6080000 - 0x00007ff9b60a9000 	C:\Windows\System32\GDI32.dll
0x00007ff9b4e20000 - 0x00007ff9b4f33000 	C:\Windows\System32\gdi32full.dll
0x00007ff9b4f40000 - 0x00007ff9b4fda000 	C:\Windows\System32\msvcp_win.dll
0x00007ff9b5150000 - 0x00007ff9b5261000 	C:\Windows\System32\ucrtbase.dll
0x00007ff995ba0000 - 0x00007ff995e2e000 	C:\Windows\WinSxS\amd64_microsoft.windows.common-controls_6595b64144ccf1df_6.0.22621.608_none_a9444ca7c10bb01d\COMCTL32.dll
0x00007ff9b5e90000 - 0x00007ff9b5ec1000 	C:\Windows\System32\IMM32.DLL
0x000000006c760000 - 0x000000006c832000 	C:\Program Files\Java\jdk1.8.0_144\jre\bin\msvcr100.dll
0x000000006c840000 - 0x000000006d0dd000 	C:\Program Files\Java\jdk1.8.0_144\jre\bin\server\jvm.dll
0x00007ff9b68b0000 - 0x00007ff9b68b8000 	C:\Windows\System32\PSAPI.DLL
0x00007ff99c710000 - 0x00007ff99c719000 	C:\Windows\SYSTEM32\WSOCK32.dll
0x00007ff9a1380000 - 0x00007ff9a13b4000 	C:\Windows\SYSTEM32\WINMM.dll
0x00007ff9b57a0000 - 0x00007ff9b5811000 	C:\Windows\System32\WS2_32.dll
0x00007ff9a7b80000 - 0x00007ff9a7b8a000 	C:\Windows\SYSTEM32\VERSION.dll
0x000000006c710000 - 0x000000006c71f000 	C:\Program Files\Java\jdk1.8.0_144\jre\bin\verify.dll
0x000000006c6e0000 - 0x000000006c709000 	C:\Program Files\Java\jdk1.8.0_144\jre\bin\java.dll
0x000000006c6c0000 - 0x000000006c6d6000 	C:\Program Files\Java\jdk1.8.0_144\jre\bin\zip.dll
0x00007ff9b6bf0000 - 0x00007ff9b73e0000 	C:\Windows\System32\SHELL32.dll
0x00007ff9b2950000 - 0x00007ff9b321d000 	C:\Windows\SYSTEM32\windows.storage.dll
0x00007ff9b5a30000 - 0x00007ff9b5db9000 	C:\Windows\System32\combase.dll
0x00007ff9b2810000 - 0x00007ff9b294e000 	C:\Windows\SYSTEM32\wintypes.dll
0x00007ff9b60b0000 - 0x00007ff9b61a1000 	C:\Windows\System32\SHCORE.dll
0x00007ff9b5360000 - 0x00007ff9b53be000 	C:\Windows\System32\shlwapi.dll
0x00007ff9b48c0000 - 0x00007ff9b48e1000 	C:\Windows\SYSTEM32\profapi.dll
0x00007ff95bed0000 - 0x00007ff95bfbf000 	C:\Program Files\Java\jdk1.8.0_144\jre\bin\msvcr120.dll
0x00007ff95be20000 - 0x00007ff95bec6000 	C:\Program Files\Java\jdk1.8.0_144\jre\bin\msvcp120.dll
0x000000006c360000 - 0x000000006c382000 	C:\Program Files\Java\jdk1.8.0_144\jre\bin\prism_d3d.dll
0x00007ff9a4550000 - 0x00007ff9a46f9000 	C:\Windows\system32\d3d9.dll
0x00007ff9b22a0000 - 0x00007ff9b22cb000 	C:\Windows\SYSTEM32\dwmapi.dll
0x00007ff9b2060000 - 0x00007ff9b2096000 	C:\Windows\SYSTEM32\dxcore.dll
0x00007ff9b1f80000 - 0x00007ff9b202b000 	C:\Windows\system32\uxtheme.dll
0x00007ff9751c0000 - 0x00007ff97531d000 	C:\Windows\System32\DriverStore\FileRepository\iigd_dch.inf_amd64_0651c2cb9dd31504\igdumdim64.dll
0x00007ff96aaa0000 - 0x00007ff96e3a9000 	C:\Windows\System32\DriverStore\FileRepository\iigd_dch.inf_amd64_0651c2cb9dd31504\igd9dxva64.dll
0x00007ff9b53c0000 - 0x00007ff9b555c000 	C:\Windows\System32\ole32.dll
0x00007ff9b6b00000 - 0x00007ff9b6bd7000 	C:\Windows\System32\OLEAUT32.dll
0x00007ff9b63d0000 - 0x00007ff9b6844000 	C:\Windows\System32\SETUPAPI.dll
0x00007ff9b46a0000 - 0x00007ff9b46ee000 	C:\Windows\SYSTEM32\cfgmgr32.dll
0x00007ff9aa1d0000 - 0x00007ff9aa374000 	C:\Windows\System32\DriverStore\FileRepository\iigd_dch.inf_amd64_0651c2cb9dd31504\igdgmm64.dll
0x00007ff9afcb0000 - 0x00007ff9afcf8000 	C:\Windows\SYSTEM32\directxdatabasehelper.dll
0x00007ff9b39a0000 - 0x00007ff9b39b8000 	C:\Windows\SYSTEM32\kernel.appcore.dll
0x000000006c310000 - 0x000000006c353000 	C:\Program Files\Java\jdk1.8.0_144\jre\bin\glass.dll
0x00007ff9b73e0000 - 0x00007ff9b74d7000 	C:\Windows\System32\COMDLG32.dll
0x00007ff9b5680000 - 0x00007ff9b579e000 	C:\Windows\System32\MSCTF.dll
0x00007ff9b5270000 - 0x00007ff9b52eb000 	C:\Windows\System32\bcryptPrimitives.dll
0x00007ff97b120000 - 0x00007ff97b146000 	C:\Windows\System32\DriverStore\FileRepository\iigd_dch.inf_amd64_0651c2cb9dd31504\igdinfo64.dll
0x00007ff9a7bc0000 - 0x00007ff9aa1c4000 	C:\Windows\System32\DriverStore\FileRepository\iigd_dch.inf_amd64_0651c2cb9dd31504\igc64.dll
0x0000000069b50000 - 0x000000006c304000 	C:\Program Files\Java\jdk1.8.0_144\jre\bin\jfxwebkit.dll
0x00007ff9b4280000 - 0x00007ff9b429b000 	C:\Windows\SYSTEM32\CRYPTSP.dll
0x00007ff9b3910000 - 0x00007ff9b3945000 	C:\Windows\system32\rsaenh.dll
0x00007ff9b41f0000 - 0x00007ff9b41fc000 	C:\Windows\SYSTEM32\CRYPTBASE.dll
0x0000000069b30000 - 0x0000000069b44000 	C:\Program Files\Java\jdk1.8.0_144\jre\bin\javafx_font.dll
0x000000006c6a0000 - 0x000000006c6ba000 	C:\Program Files\Java\jdk1.8.0_144\jre\bin\net.dll
0x00007ff9b3e00000 - 0x00007ff9b3e69000 	C:\Windows\system32\mswsock.dll
0x000000006c680000 - 0x000000006c691000 	C:\Program Files\Java\jdk1.8.0_144\jre\bin\nio.dll
0x00007ff9b09b0000 - 0x00007ff9b0c17000 	C:\Windows\SYSTEM32\dwrite.dll
0x00007ff9b58d0000 - 0x00007ff9b5980000 	C:\Windows\System32\clbcatq.dll
0x00007ff9b0410000 - 0x00007ff9b05c0000 	C:\Windows\SYSTEM32\WindowsCodecs.dll
0x00007ff99a6c0000 - 0x00007ff99a71e000 	C:\Windows\system32\dataexchange.dll
0x00007ff9ad2f0000 - 0x00007ff9ad55a000 	C:\Windows\system32\twinapi.appcore.dll
0x00007ff93f890000 - 0x00007ff93f8c2000 	C:\Program Files\Common Files\Microsoft Shared\Ink\rtscom.dll
0x00007ff99c230000 - 0x00007ff99c35e000 	C:\Windows\SYSTEM32\textinputframework.dll
0x00007ff9b1ad0000 - 0x00007ff9b1c03000 	C:\Windows\SYSTEM32\CoreMessaging.dll
0x00007ff9af090000 - 0x00007ff9af3fc000 	C:\Windows\SYSTEM32\CoreUIComponents.dll
0x000000006c3d0000 - 0x000000006c3f4000 	C:\Program Files\Java\jdk1.8.0_144\jre\bin\sunec.dll
0x00007ff9b34b0000 - 0x00007ff9b34dd000 	C:\Windows\SYSTEM32\IPHLPAPI.DLL
0x00007ff9b68c0000 - 0x00007ff9b68c9000 	C:\Windows\System32\NSI.dll
0x00007ff9ace90000 - 0x00007ff9acea9000 	C:\Windows\SYSTEM32\dhcpcsvc6.DLL
0x00007ff9acbc0000 - 0x00007ff9acbdf000 	C:\Windows\SYSTEM32\dhcpcsvc.DLL
0x00007ff9b34e0000 - 0x00007ff9b35d3000 	C:\Windows\SYSTEM32\DNSAPI.dll
0x00007ff9b3ea0000 - 0x00007ff9b3ec8000 	C:\Windows\SYSTEM32\USERENV.dll
0x00007ff9b43b0000 - 0x00007ff9b43d8000 	C:\Windows\SYSTEM32\bcrypt.dll
0x000000006c3c0000 - 0x000000006c3cb000 	C:\Program Files\Java\jdk1.8.0_144\jre\bin\sunmscapi.dll
0x00007ff9b4fe0000 - 0x00007ff9b5146000 	C:\Windows\System32\CRYPT32.dll
0x00007ff9a3c60000 - 0x00007ff9a3c6a000 	C:\Windows\System32\rasadhlp.dll
0x00007ff9abf70000 - 0x00007ff9abff3000 	C:\Windows\System32\fwpuclnt.dll
0x00007ff9a06a0000 - 0x00007ff9a08ce000 	C:\Windows\SYSTEM32\dbghelp.dll

VM Arguments:
jvm_args: -Dfile.encoding=UTF-8 
java_command: hygie.gui.NewFXMain
java_class_path (initial): C:\Program Files\NetBeans 8.2\ide\modules\ext\mysql-connector-java-5.1.23-bin.jar;C:\Program Files\NetBeans 8.2\ide\modules\ext\postgresql-9.4.1209.jar;C:\Users\Khaled\Documents\Hygie\itextpdf-5.5.9.jar;C:\Users\Khaled\Documents\poi-bin-5.2.3\poi-5.2.3.jar;C:\Users\Khaled\Documents\poi-bin-5.2.3\poi-examples-5.2.3.jar;C:\Users\Khaled\Documents\poi-bin-5.2.3\poi-excelant-5.2.3.jar;C:\Users\Khaled\Documents\poi-bin-5.2.3\poi-javadoc-5.2.3.jar;C:\Users\Khaled\Documents\poi-bin-5.2.3\poi-ooxml-5.2.3.jar;C:\Users\Khaled\Documents\poi-bin-5.2.3\poi-ooxml-full-5.2.3.jar;C:\Users\Khaled\Documents\poi-bin-5.2.3\poi-ooxml-lite-5.2.3.jar;C:\Users\Khaled\Documents\poi-bin-5.2.3\poi-scratchpad-5.2.3.jar;C:\Users\Khaled\Documents\poi-bin-5.2.3\lib\SparseBitSet-1.2.jar;C:\Users\Khaled\Documents\poi-bin-5.2.3\lib\commons-codec-1.15.jar;C:\Users\Khaled\Documents\poi-bin-5.2.3\lib\commons-collections4-4.4.jar;C:\Users\Khaled\Documents\poi-bin-5.2.3\lib\commons-io-2.11.0.jar;C:\Users\Khaled\Documents\poi-bin-5.2.3\lib\commons-math3-3.6.1.jar;C:\Users\Khaled\Documents\poi-bin-5.2.3\lib\log4j-api-2.18.0.jar;C:\Users\Khaled\Documents\poi-bin-5.2.3\ooxml-lib\commons-compress-1.21.jar;C:\Users\Khaled\Documents\poi-bin-5.2.3\ooxml-lib\commons-logging-1.2.jar;C:\Users\Khaled\Documents\poi-bin-5.2.3\ooxml-lib\curvesapi-1.07.jar;C:\Users\Khaled\Documents\poi-bin-5.2.3\ooxml-lib\jakarta.activation-2.0.1.jar;C:\Users\Khaled\Documents\poi-bin-5.2.3\ooxml-lib\jakarta.xml.bind-api-3.0.1.jar;C:\Users\Khaled\Documents\poi-bin-5.2.3\ooxml-lib\slf4j-api-1.7.36.jar;C:\Users\Khaled\Documents\poi-bin-5.2.3\ooxml-lib\xmlbeans-5.1.1.jar;C:\Users\Khaled\Documents\poi-bin-5.2.3\auxiliary\batik-anim-1.14.jar;C:\Users\Khaled\Documents\poi-bin-5.2.3\auxiliary\batik-awt-util-1.14.jar;C:\Users\Khaled\Documents\poi-bin-5.2.3\auxiliary\batik-bridge-1.14.jar;C:\Users\Khaled\Documents\poi-bin-5.2.3\auxiliary\batik-codec-1.14.jar;C:\Users\Khaled\Documents\poi-bin-5.2.3\auxiliary\batik-const
Launcher Type: SUN_STANDARD

Environment Variables:
PATH=C:\oraclexe\app\oracle\product\11.2.0\server\bin;C:\ProgramData\Oracle\Java\javapath;C:\oraclexe\app\oracle\product\11.2.0\server\bin;C:\Windows\system32;C:\Windows;C:\Windows\System32\Wbem;C:\Windows\System32\WindowsPowerShell\v1.0\;C:\Windows\System32\OpenSSH\;C:\Program Files\Git\cmd;C:\Program Files\NVIDIA Corporation\NVIDIA NvDLISR;C:\Program Files (x86)\NVIDIA Corporation\PhysX\Common;C:\xampp\php;C:\ProgramData\ComposerSetup\bin;C:\Users\Khaled\scoop\shims;C:\Users\Khaled\AppData\Local\Microsoft\WindowsApps;C:\Program Files\JetBrains\IntelliJ IDEA 2022.3.1\bin;C:\Users\Khaled\AppData\Local\JetBrains\PhpStorm 2022.3.1\bin;C:\Users\Khaled\AppData\Roaming\Composer\vendor\bin;C:\Users\Khaled\AppData\Local\Programs\Microsoft VS Code\bin;C:\Program Files\wkhtmltopdf\bin
USERNAME=Khaled
OS=Windows_NT
PROCESSOR_IDENTIFIER=Intel64 Family 6 Model 165 Stepping 2, GenuineIntel



---------------  S Y S T E M  ---------------

OS: Windows 10.0 , 64 bit Build 22621 (10.0.22621.1485)

CPU:total 8 (initial active 8) (4 cores per cpu, 2 threads per core) family 6 model 165 stepping 2, cmov, cx8, fxsr, mmx, sse, sse2, sse3, ssse3, sse4.1, sse4.2, popcnt, avx, avx2, aes, clmul, erms, 3dnowpref, lzcnt, ht, tsc, tscinvbit, bmi1, bmi2, adx

Memory: 4k page, physical 16591040k(2876196k free), swap 24369456k(4283836k free)

vm_info: Java HotSpot(TM) 64-Bit Server VM (25.144-b01) for windows-amd64 JRE (1.8.0_144-b01), built on Jul 21 2017 21:57:33 by "java_re" with MS VC++ 10.0 (VS2010)

time: Sat Apr 29 00:33:06 2023
elapsed time: 2 seconds (0d 0h 0m 2s)

